<?xml version="1.0" encoding="UTF-8"?>
<!-- Generated by org.testng.reporters.JUnitXMLReporter -->
<testsuite ignored="0" hostname="DESKTOP-7B2N1DS" failures="2" tests="17" name="Test" time="521.762" errors="0" timestamp="2024-09-21T17:45:43 IST">
  <testcase classname="AmazonFlightTest.TC_02_Login" name="TestCase01" time="3.463">
    <skipped/>
  </testcase> <!-- TestCase01 -->
  <testcase classname="AmazonFlightTest.TC_02_Login" name="TestCase01" time="3.045">
    <failure type="java.lang.AssertionError" message="Testcases Failed expected [true] but found [false]">
      <![CDATA[java.lang.AssertionError: Testcases Failed expected [true] but found [false]
at AmazonFlightTest.TC_02_Login.TestCase01(TC_02_Login.java:31)
at java.base/java.util.ArrayList.forEach(ArrayList.java:1511)
... Removed 33 stack frames]]>
    </failure>
  </testcase> <!-- TestCase01 -->
  <testcase classname="AmazonFlightTest.TC_03_WrongCredentials" name="WrongCredentials" time="11.454"/>
  <testcase classname="AmazonFlightTest.TC_04_SearchOnWayFlight" name="OneWayTest" time="16.733"/>
  <testcase classname="AmazonFlightTest.TC_05_SearchTwoWayFlight" name="TwoWayTest" time="26.879"/>
  <testcase classname="AmazonFlightTest.TC_06_DifferentClassses" name="TestDiffClasses" time="38.21">
    <skipped/>
  </testcase> <!-- TestDiffClasses -->
  <testcase classname="AmazonFlightTest.TC_06_DifferentClassses" name="TestDiffClasses" time="36.262">
    <failure type="org.openqa.selenium.NoSuchElementException" message="no such element: Unable to locate element: {&amp;quot;method&amp;quot;:&amp;quot;xpath&amp;quot;,&amp;quot;selector&amp;quot;:&amp;quot;//div[@class=&amp;apos;_19a7792e&amp;apos;]//descendant::div[@class=&amp;apos;_9dcb1fb9 _50742bdc&amp;apos;]&amp;quot;}
  (Session info: chrome=128.0.6613.138)
For documentation on this error, please visit: https://www.selenium.dev/documentation/webdriver/troubleshooting/errors#no-such-element-exception
Build info: version: &amp;apos;4.23.0&amp;apos;, revision: &amp;apos;4df0a231af&amp;apos;
System info: os.name: &amp;apos;Windows 11&amp;apos;, os.arch: &amp;apos;amd64&amp;apos;, os.version: &amp;apos;10.0&amp;apos;, java.version: &amp;apos;17.0.8&amp;apos;
Driver info: org.openqa.selenium.chrome.ChromeDriver
Command: [ac4b9da4b241349e1cc20ab20ecb9577, findElement {value=//div[@class=&amp;apos;_19a7792e&amp;apos;]//descendant::div[@class=&amp;apos;_9dcb1fb9 _50742bdc&amp;apos;], using=xpath}]
Capabilities {acceptInsecureCerts: false, browserName: chrome, browserVersion: 128.0.6613.138, chrome: {chromedriverVersion: 128.0.6613.137 (fe621c5aa2d..., userDataDir: C:\Users\NEEKIK~1\AppData\L...}, fedcm:accounts: true, goog:chromeOptions: {debuggerAddress: localhost:56109}, networkConnectionEnabled: false, pageLoadStrategy: normal, platformName: windows, proxy: Proxy(), se:cdp: ws://localhost:56109/devtoo..., se:cdpVersion: 128.0.6613.138, setWindowRect: true, strictFileInteractability: false, timeouts: {implicit: 0, pageLoad: 300000, script: 30000}, unhandledPromptBehavior: dismiss and notify, webauthn:extension:credBlob: true, webauthn:extension:largeBlob: true, webauthn:extension:minPinLength: true, webauthn:extension:prf: true, webauthn:virtualAuthenticators: true}
Session ID: ac4b9da4b241349e1cc20ab20ecb9577">
      <![CDATA[org.openqa.selenium.NoSuchElementException: no such element: Unable to locate element: {"method":"xpath","selector":"//div[@class='_19a7792e']//descendant::div[@class='_9dcb1fb9 _50742bdc']"}
  (Session info: chrome=128.0.6613.138)
For documentation on this error, please visit: https://www.selenium.dev/documentation/webdriver/troubleshooting/errors#no-such-element-exception
Build info: version: '4.23.0', revision: '4df0a231af'
System info: os.name: 'Windows 11', os.arch: 'amd64', os.version: '10.0', java.version: '17.0.8'
Driver info: org.openqa.selenium.chrome.ChromeDriver
Command: [ac4b9da4b241349e1cc20ab20ecb9577, findElement {value=//div[@class='_19a7792e']//descendant::div[@class='_9dcb1fb9 _50742bdc'], using=xpath}]
Capabilities {acceptInsecureCerts: false, browserName: chrome, browserVersion: 128.0.6613.138, chrome: {chromedriverVersion: 128.0.6613.137 (fe621c5aa2d..., userDataDir: C:\Users\NEEKIK~1\AppData\L...}, fedcm:accounts: true, goog:chromeOptions: {debuggerAddress: localhost:56109}, networkConnectionEnabled: false, pageLoadStrategy: normal, platformName: windows, proxy: Proxy(), se:cdp: ws://localhost:56109/devtoo..., se:cdpVersion: 128.0.6613.138, setWindowRect: true, strictFileInteractability: false, timeouts: {implicit: 0, pageLoad: 300000, script: 30000}, unhandledPromptBehavior: dismiss and notify, webauthn:extension:credBlob: true, webauthn:extension:largeBlob: true, webauthn:extension:minPinLength: true, webauthn:extension:prf: true, webauthn:virtualAuthenticators: true}
Session ID: ac4b9da4b241349e1cc20ab20ecb9577
at org.openqa.selenium.remote.ErrorCodec.decode(ErrorCodec.java:167)
at org.openqa.selenium.remote.codec.w3c.W3CHttpResponseCodec.decode(W3CHttpResponseCodec.java:138)
at org.openqa.selenium.remote.codec.w3c.W3CHttpResponseCodec.decode(W3CHttpResponseCodec.java:50)
at org.openqa.selenium.remote.HttpCommandExecutor.execute(HttpCommandExecutor.java:190)
at org.openqa.selenium.remote.service.DriverCommandExecutor.invokeExecute(DriverCommandExecutor.java:216)
at org.openqa.selenium.remote.service.DriverCommandExecutor.execute(DriverCommandExecutor.java:174)
at org.openqa.selenium.remote.RemoteWebDriver.execute(RemoteWebDriver.java:527)
at org.openqa.selenium.remote.ElementLocation$ElementFinder$2.findElement(ElementLocation.java:165)
at org.openqa.selenium.remote.ElementLocation.findElement(ElementLocation.java:59)
at org.openqa.selenium.remote.RemoteWebDriver.findElement(RemoteWebDriver.java:357)
at org.openqa.selenium.remote.RemoteWebDriver.findElement(RemoteWebDriver.java:351)
at org.openqa.selenium.support.pagefactory.DefaultElementLocator.findElement(DefaultElementLocator.java:68)
at org.openqa.selenium.support.pagefactory.internal.LocatingElementHandler.invoke(LocatingElementHandler.java:38)
at jdk.proxy2/jdk.proxy2.$Proxy14.isDisplayed(Unknown Source)
at amazonFlight.HomePage.noSuchFlight(HomePage.java:167)
at AmazonFlightTest.TC_06_DifferentClassses.TestDiffClasses(TC_06_DifferentClassses.java:53)
at java.base/java.util.ArrayList.forEach(ArrayList.java:1511)
... Removed 32 stack frames]]>
    </failure>
  </testcase> <!-- TestDiffClasses -->
  <testcase classname="AmazonFlightTest.TC_08_SelectSeat" name="TestSeatSelection" time="24.799"/>
  <testcase classname="AmazonFlightTest.TC_09_MultiplePassenger" name="TestMultiple" time="53.069">
    <skipped/>
  </testcase> <!-- TestMultiple -->
  <testcase classname="AmazonFlightTest.TC_09_MultiplePassenger" name="TestMultiple" time="29.856"/>
  <testcase classname="AmazonFlightTest.TC_10_ViewFareDetails" name="testCaseFareDetails" time="23.075"/>
  <testcase classname="AmazonFlightTest.TC_11_VerifytestfieldsAndOffers" name="testCase11" time="31.473"/>
  <testcase classname="AmazonFlightTest.TC_12_LoginSearchLogout" name="testcaseSearchlogout" time="24.76"/>
  <testcase classname="AmazonFlightTest.TC_13_ApplyCode" name="verifyApplyCode" time="23.96"/>
  <testcase classname="AmazonFlightTest.TC_14_RoundTripSearch" name="testCaseRoundTrip" time="30.543"/>
  <testcase classname="AmazonFlightTest.TC_15_CheckPayement" name="testPayment" time="40.602">
    <skipped/>
  </testcase> <!-- testPayment -->
  <testcase classname="AmazonFlightTest.TC_15_CheckPayement" name="testPayment" time="35.344"/>
</testsuite> <!-- Test -->
