<?xml version="1.0" encoding="UTF-8"?>
<!-- Generated by org.testng.reporters.JUnitXMLReporter -->
<testsuite ignored="0" hostname="DESKTOP-7B2N1DS" failures="1" tests="14" name="Test in Chrome" time="256.438" errors="0" timestamp="2024-09-21T19:22:48 IST">
  <testcase classname="amazon.ProjectTest.TC_02_AmazonLoginTest" name="usernameTestcase" time="7.609"/>
  <testcase classname="amazon.ProjectTest.TC_05_AmazonSearchTest" name="searchTestCase" time="7.641"/>
  <testcase classname="amazon.ProjectTest.TC_06_AmazonSearchFilterTest" name="searchByCategory" time="3.217"/>
  <testcase classname="amazon.ProjectTest.TC_07_AmazonProductDetailsTest" name="productDetails" time="5.924"/>
  <testcase classname="amazon.ProjectTest.TC_08_AmazonSortProducTest" name="SortByFeature" time="7.258"/>
  <testcase classname="amazon.ProjectTest.TC_09_AmazonAddToCartTest" name="addToCart" time="8.761"/>
  <testcase classname="amazon.ProjectTest.TC_10_AmazonItemsAddedQuantity" name="addedMoreQuantity" time="19.535"/>
  <testcase classname="amazon.ProjectTest.TC_11_AmazonCheckout" name="amazonCheckoutCode" time="27.433"/>
  <testcase classname="amazon.ProjectTest.TC_13" name="offers" time="6.708"/>
  <testcase classname="amazon.ProjectTest.TC_15" name="addCartTo" time="15.006"/>
  <testcase classname="amazon.ProjectTest.TC_04_AmazonManageProfileTest" name="clickManageProfileTest" time="14.637"/>
  <testcase classname="amazon.ProjectTest.TC_03_AmazonLoginFailTestt" name="WrongCredentials" time="22.92">
    <skipped/>
  </testcase> <!-- WrongCredentials -->
  <testcase classname="amazon.ProjectTest.TC_03_AmazonLoginFailTestt" name="WrongCredentials" time="23.948">
    <failure type="org.openqa.selenium.NoSuchElementException" message="no such element: Unable to locate element: {&amp;quot;method&amp;quot;:&amp;quot;xpath&amp;quot;,&amp;quot;selector&amp;quot;:&amp;quot;//div[@class=&amp;apos;a-alert-content&amp;apos;]/ul/li/span&amp;quot;}
  (Session info: chrome=128.0.6613.138)
For documentation on this error, please visit: https://www.selenium.dev/documentation/webdriver/troubleshooting/errors#no-such-element-exception
Build info: version: &amp;apos;4.23.0&amp;apos;, revision: &amp;apos;4df0a231af&amp;apos;
System info: os.name: &amp;apos;Windows 11&amp;apos;, os.arch: &amp;apos;amd64&amp;apos;, os.version: &amp;apos;10.0&amp;apos;, java.version: &amp;apos;17.0.8&amp;apos;
Driver info: org.openqa.selenium.chrome.ChromeDriver
Command: [df6cd62f69615f4733cb4ddd8d684a2b, findElement {using=xpath, value=//div[@class=&amp;apos;a-alert-content&amp;apos;]/ul/li/span}]
Capabilities {acceptInsecureCerts: false, browserName: chrome, browserVersion: 128.0.6613.138, chrome: {chromedriverVersion: 128.0.6613.137 (fe621c5aa2d..., userDataDir: C:\Users\NEEKIK~1\AppData\L...}, fedcm:accounts: true, goog:chromeOptions: {debuggerAddress: localhost:58454}, networkConnectionEnabled: false, pageLoadStrategy: normal, platformName: windows, proxy: Proxy(), se:cdp: ws://localhost:58454/devtoo..., se:cdpVersion: 128.0.6613.138, setWindowRect: true, strictFileInteractability: false, timeouts: {implicit: 0, pageLoad: 300000, script: 30000}, unhandledPromptBehavior: dismiss and notify, webauthn:extension:credBlob: true, webauthn:extension:largeBlob: true, webauthn:extension:minPinLength: true, webauthn:extension:prf: true, webauthn:virtualAuthenticators: true}
Session ID: df6cd62f69615f4733cb4ddd8d684a2b">
      <![CDATA[org.openqa.selenium.NoSuchElementException: no such element: Unable to locate element: {"method":"xpath","selector":"//div[@class='a-alert-content']/ul/li/span"}
  (Session info: chrome=128.0.6613.138)
For documentation on this error, please visit: https://www.selenium.dev/documentation/webdriver/troubleshooting/errors#no-such-element-exception
Build info: version: '4.23.0', revision: '4df0a231af'
System info: os.name: 'Windows 11', os.arch: 'amd64', os.version: '10.0', java.version: '17.0.8'
Driver info: org.openqa.selenium.chrome.ChromeDriver
Command: [df6cd62f69615f4733cb4ddd8d684a2b, findElement {using=xpath, value=//div[@class='a-alert-content']/ul/li/span}]
Capabilities {acceptInsecureCerts: false, browserName: chrome, browserVersion: 128.0.6613.138, chrome: {chromedriverVersion: 128.0.6613.137 (fe621c5aa2d..., userDataDir: C:\Users\NEEKIK~1\AppData\L...}, fedcm:accounts: true, goog:chromeOptions: {debuggerAddress: localhost:58454}, networkConnectionEnabled: false, pageLoadStrategy: normal, platformName: windows, proxy: Proxy(), se:cdp: ws://localhost:58454/devtoo..., se:cdpVersion: 128.0.6613.138, setWindowRect: true, strictFileInteractability: false, timeouts: {implicit: 0, pageLoad: 300000, script: 30000}, unhandledPromptBehavior: dismiss and notify, webauthn:extension:credBlob: true, webauthn:extension:largeBlob: true, webauthn:extension:minPinLength: true, webauthn:extension:prf: true, webauthn:virtualAuthenticators: true}
Session ID: df6cd62f69615f4733cb4ddd8d684a2b
at org.openqa.selenium.remote.ErrorCodec.decode(ErrorCodec.java:167)
at org.openqa.selenium.remote.codec.w3c.W3CHttpResponseCodec.decode(W3CHttpResponseCodec.java:138)
at org.openqa.selenium.remote.codec.w3c.W3CHttpResponseCodec.decode(W3CHttpResponseCodec.java:50)
at org.openqa.selenium.remote.HttpCommandExecutor.execute(HttpCommandExecutor.java:190)
at org.openqa.selenium.remote.service.DriverCommandExecutor.invokeExecute(DriverCommandExecutor.java:216)
at org.openqa.selenium.remote.service.DriverCommandExecutor.execute(DriverCommandExecutor.java:174)
at org.openqa.selenium.remote.RemoteWebDriver.execute(RemoteWebDriver.java:527)
at org.openqa.selenium.remote.ElementLocation$ElementFinder$2.findElement(ElementLocation.java:165)
at org.openqa.selenium.remote.ElementLocation.findElement(ElementLocation.java:59)
at org.openqa.selenium.remote.RemoteWebDriver.findElement(RemoteWebDriver.java:357)
at org.openqa.selenium.remote.RemoteWebDriver.findElement(RemoteWebDriver.java:351)
at org.openqa.selenium.support.pagefactory.DefaultElementLocator.findElement(DefaultElementLocator.java:68)
at org.openqa.selenium.support.pagefactory.internal.LocatingElementHandler.invoke(LocatingElementHandler.java:38)
at jdk.proxy2/jdk.proxy2.$Proxy10.isDisplayed(Unknown Source)
at amazon.Project.AmazonLogin.wrongPasswordExpected(AmazonLogin.java:61)
at amazon.ProjectTest.TC_03_AmazonLoginFailTestt.WrongCredentials(TC_03_AmazonLoginFailTestt.java:34)
at java.base/java.util.ArrayList.forEach(ArrayList.java:1511)
... Removed 36 stack frames]]>
    </failure>
  </testcase> <!-- WrongCredentials -->
  <testcase classname="amazon.ProjectTest.TC_12_AmazonPaymentMethodSelectAll" name="usingCODOption" time="20.519"/>
</testsuite> <!-- Test in Chrome -->
