<?xml version="1.0" encoding="UTF-8"?>
<!-- Generated by org.testng.reporters.JUnitXMLReporter -->
<testsuite ignored="0" hostname="DESKTOP-7B2N1DS" failures="2" tests="17" name="Test" time="510.709" errors="0" timestamp="2024-09-21T18:15:03 IST">
  <testcase classname="AmazonFlightTest.TC_02_Login" name="TestCase01" time="3.551">
    <skipped/>
  </testcase> <!-- TestCase01 -->
  <testcase classname="AmazonFlightTest.TC_02_Login" name="TestCase01" time="2.981">
    <failure type="java.lang.AssertionError" message="Testcases Failed expected [true] but found [false]">
      <![CDATA[java.lang.AssertionError: Testcases Failed expected [true] but found [false]
at AmazonFlightTest.TC_02_Login.TestCase01(TC_02_Login.java:31)
at java.base/java.util.ArrayList.forEach(ArrayList.java:1511)
... Removed 37 stack frames]]>
    </failure>
  </testcase> <!-- TestCase01 -->
  <testcase classname="AmazonFlightTest.TC_03_WrongCredentials" name="WrongCredentials" time="18.493"/>
  <testcase classname="AmazonFlightTest.TC_04_SearchOnWayFlight" name="OneWayTest" time="15.354"/>
  <testcase classname="AmazonFlightTest.TC_05_SearchTwoWayFlight" name="TwoWayTest" time="23.769"/>
  <testcase classname="AmazonFlightTest.TC_06_DifferentClassses" name="TestDiffClasses" time="17.63"/>
  <testcase classname="AmazonFlightTest.TC_08_SelectSeat" name="TestSeatSelection" time="43.358">
    <skipped/>
  </testcase> <!-- TestSeatSelection -->
  <testcase classname="AmazonFlightTest.TC_08_SelectSeat" name="TestSeatSelection" time="23.253"/>
  <testcase classname="AmazonFlightTest.TC_09_MultiplePassenger" name="TestMultiple" time="51.352">
    <skipped/>
  </testcase> <!-- TestMultiple -->
  <testcase classname="AmazonFlightTest.TC_09_MultiplePassenger" name="TestMultiple" time="49.799">
    <failure type="org.openqa.selenium.NoSuchElementException" message="no such element: Unable to locate element: {&amp;quot;method&amp;quot;:&amp;quot;xpath&amp;quot;,&amp;quot;selector&amp;quot;:&amp;quot;(//div[@class=&amp;apos;_4e0ac60f _9a75f8ae ad23ce76&amp;apos;])[3]&amp;quot;}
  (Session info: chrome=128.0.6613.138)
For documentation on this error, please visit: https://www.selenium.dev/documentation/webdriver/troubleshooting/errors#no-such-element-exception
Build info: version: &amp;apos;4.23.0&amp;apos;, revision: &amp;apos;4df0a231af&amp;apos;
System info: os.name: &amp;apos;Windows 11&amp;apos;, os.arch: &amp;apos;amd64&amp;apos;, os.version: &amp;apos;10.0&amp;apos;, java.version: &amp;apos;17.0.8&amp;apos;
Driver info: org.openqa.selenium.chrome.ChromeDriver
Command: [ed9f5ee78956384c9c8023492dd168b5, findElement {using=xpath, value=(//div[@class=&amp;apos;_4e0ac60f _9a75f8ae ad23ce76&amp;apos;])[3]}]
Capabilities {acceptInsecureCerts: false, browserName: chrome, browserVersion: 128.0.6613.138, chrome: {chromedriverVersion: 128.0.6613.137 (fe621c5aa2d..., userDataDir: C:\Users\NEEKIK~1\AppData\L...}, fedcm:accounts: true, goog:chromeOptions: {debuggerAddress: localhost:64544}, networkConnectionEnabled: false, pageLoadStrategy: normal, platformName: windows, proxy: Proxy(), se:cdp: ws://localhost:64544/devtoo..., se:cdpVersion: 128.0.6613.138, setWindowRect: true, strictFileInteractability: false, timeouts: {implicit: 0, pageLoad: 300000, script: 30000}, unhandledPromptBehavior: dismiss and notify, webauthn:extension:credBlob: true, webauthn:extension:largeBlob: true, webauthn:extension:minPinLength: true, webauthn:extension:prf: true, webauthn:virtualAuthenticators: true}
Session ID: ed9f5ee78956384c9c8023492dd168b5">
      <![CDATA[org.openqa.selenium.NoSuchElementException: no such element: Unable to locate element: {"method":"xpath","selector":"(//div[@class='_4e0ac60f _9a75f8ae ad23ce76'])[3]"}
  (Session info: chrome=128.0.6613.138)
For documentation on this error, please visit: https://www.selenium.dev/documentation/webdriver/troubleshooting/errors#no-such-element-exception
Build info: version: '4.23.0', revision: '4df0a231af'
System info: os.name: 'Windows 11', os.arch: 'amd64', os.version: '10.0', java.version: '17.0.8'
Driver info: org.openqa.selenium.chrome.ChromeDriver
Command: [ed9f5ee78956384c9c8023492dd168b5, findElement {using=xpath, value=(//div[@class='_4e0ac60f _9a75f8ae ad23ce76'])[3]}]
Capabilities {acceptInsecureCerts: false, browserName: chrome, browserVersion: 128.0.6613.138, chrome: {chromedriverVersion: 128.0.6613.137 (fe621c5aa2d..., userDataDir: C:\Users\NEEKIK~1\AppData\L...}, fedcm:accounts: true, goog:chromeOptions: {debuggerAddress: localhost:64544}, networkConnectionEnabled: false, pageLoadStrategy: normal, platformName: windows, proxy: Proxy(), se:cdp: ws://localhost:64544/devtoo..., se:cdpVersion: 128.0.6613.138, setWindowRect: true, strictFileInteractability: false, timeouts: {implicit: 0, pageLoad: 300000, script: 30000}, unhandledPromptBehavior: dismiss and notify, webauthn:extension:credBlob: true, webauthn:extension:largeBlob: true, webauthn:extension:minPinLength: true, webauthn:extension:prf: true, webauthn:virtualAuthenticators: true}
Session ID: ed9f5ee78956384c9c8023492dd168b5
at org.openqa.selenium.remote.ErrorCodec.decode(ErrorCodec.java:167)
at org.openqa.selenium.remote.codec.w3c.W3CHttpResponseCodec.decode(W3CHttpResponseCodec.java:138)
at org.openqa.selenium.remote.codec.w3c.W3CHttpResponseCodec.decode(W3CHttpResponseCodec.java:50)
at org.openqa.selenium.remote.HttpCommandExecutor.execute(HttpCommandExecutor.java:190)
at org.openqa.selenium.remote.service.DriverCommandExecutor.invokeExecute(DriverCommandExecutor.java:216)
at org.openqa.selenium.remote.service.DriverCommandExecutor.execute(DriverCommandExecutor.java:174)
at org.openqa.selenium.remote.RemoteWebDriver.execute(RemoteWebDriver.java:527)
at org.openqa.selenium.remote.ElementLocation$ElementFinder$2.findElement(ElementLocation.java:165)
at org.openqa.selenium.remote.ElementLocation.findElement(ElementLocation.java:59)
at org.openqa.selenium.remote.RemoteWebDriver.findElement(RemoteWebDriver.java:357)
at org.openqa.selenium.remote.RemoteWebDriver.findElement(RemoteWebDriver.java:351)
at org.openqa.selenium.support.pagefactory.DefaultElementLocator.findElement(DefaultElementLocator.java:68)
at org.openqa.selenium.support.pagefactory.internal.LocatingElementHandler.invoke(LocatingElementHandler.java:38)
at jdk.proxy2/jdk.proxy2.$Proxy10.isDisplayed(Unknown Source)
at amazonFlight.TravelersDetialsPage.checkElement(TravelersDetialsPage.java:104)
at AmazonFlightTest.TC_09_MultiplePassenger.TestMultiple(TC_09_MultiplePassenger.java:85)
at java.base/java.util.ArrayList.forEach(ArrayList.java:1511)
... Removed 36 stack frames]]>
    </failure>
  </testcase> <!-- TestMultiple -->
  <testcase classname="AmazonFlightTest.TC_10_ViewFareDetails" name="testCaseFareDetails" time="24.628"/>
  <testcase classname="AmazonFlightTest.TC_11_VerifytestfieldsAndOffers" name="testCase11" time="28.548"/>
  <testcase classname="AmazonFlightTest.TC_12_LoginSearchLogout" name="testcaseSearchlogout" time="20.254"/>
  <testcase classname="AmazonFlightTest.TC_13_ApplyCode" name="verifyApplyCode" time="24.092"/>
  <testcase classname="AmazonFlightTest.TC_14_RoundTripSearch" name="testCaseRoundTrip" time="25.01"/>
  <testcase classname="AmazonFlightTest.TC_15_CheckPayement" name="testPayment" time="42.935">
    <skipped/>
  </testcase> <!-- testPayment -->
  <testcase classname="AmazonFlightTest.TC_15_CheckPayement" name="testPayment" time="38.328"/>
</testsuite> <!-- Test -->
