<?xml version="1.0" encoding="UTF-8"?>
<testng-results retried="1" ignored="1" total="15" passed="12" failed="1" skipped="0">
  <reporter-output>
  </reporter-output>
  <suite started-at="2024-09-21T19:18:31 IST" name="Suite" finished-at="2024-09-21T19:22:48 IST" duration-ms="256438">
    <groups>
    </groups>
    <test started-at="2024-09-21T19:18:31 IST" name="Test in Chrome" finished-at="2024-09-21T19:22:48 IST" duration-ms="256438">
      <class name="amazon.ProjectTest.TC_03_AmazonLoginFailTestt">
        <test-method is-config="true" signature="generic_methods01()[pri:0, instance:amazon.ProjectTest.TC_03_AmazonLoginFailTestt@38cee291]" started-at="2024-09-21T19:21:30 IST" name="generic_methods01" finished-at="2024-09-21T19:21:32 IST" duration-ms="2506" status="PASS">
          <reporter-output>
          </reporter-output>
        </test-method> <!-- generic_methods01 -->
        <test-method retried="true" signature="WrongCredentials()[pri:0, instance:amazon.ProjectTest.TC_03_AmazonLoginFailTestt@38cee291]" started-at="2024-09-21T19:21:32 IST" name="WrongCredentials" finished-at="2024-09-21T19:21:55 IST" duration-ms="22920" status="SKIP">
          <exception class="org.openqa.selenium.NoSuchElementException">
            <message>
              <![CDATA[no such element: Unable to locate element: {"method":"xpath","selector":"//div[@class='a-alert-content']/ul/li/span"}
  (Session info: chrome=128.0.6613.138)
For documentation on this error, please visit: https://www.selenium.dev/documentation/webdriver/troubleshooting/errors#no-such-element-exception
Build info: version: '4.23.0', revision: '4df0a231af'
System info: os.name: 'Windows 11', os.arch: 'amd64', os.version: '10.0', java.version: '17.0.8'
Driver info: org.openqa.selenium.chrome.ChromeDriver
Command: [c2e1a76d10fa63677d6ed384c49b95d0, findElement {using=xpath, value=//div[@class='a-alert-content']/ul/li/span}]
Capabilities {acceptInsecureCerts: false, browserName: chrome, browserVersion: 128.0.6613.138, chrome: {chromedriverVersion: 128.0.6613.137 (fe621c5aa2d..., userDataDir: C:\Users\NEEKIK~1\AppData\L...}, fedcm:accounts: true, goog:chromeOptions: {debuggerAddress: localhost:58297}, networkConnectionEnabled: false, pageLoadStrategy: normal, platformName: windows, proxy: Proxy(), se:cdp: ws://localhost:58297/devtoo..., se:cdpVersion: 128.0.6613.138, setWindowRect: true, strictFileInteractability: false, timeouts: {implicit: 0, pageLoad: 300000, script: 30000}, unhandledPromptBehavior: dismiss and notify, webauthn:extension:credBlob: true, webauthn:extension:largeBlob: true, webauthn:extension:minPinLength: true, webauthn:extension:prf: true, webauthn:virtualAuthenticators: true}
Session ID: c2e1a76d10fa63677d6ed384c49b95d0]]>
            </message>
            <full-stacktrace>
              <![CDATA[org.openqa.selenium.NoSuchElementException: no such element: Unable to locate element: {"method":"xpath","selector":"//div[@class='a-alert-content']/ul/li/span"}
  (Session info: chrome=128.0.6613.138)
For documentation on this error, please visit: https://www.selenium.dev/documentation/webdriver/troubleshooting/errors#no-such-element-exception
Build info: version: '4.23.0', revision: '4df0a231af'
System info: os.name: 'Windows 11', os.arch: 'amd64', os.version: '10.0', java.version: '17.0.8'
Driver info: org.openqa.selenium.chrome.ChromeDriver
Command: [c2e1a76d10fa63677d6ed384c49b95d0, findElement {using=xpath, value=//div[@class='a-alert-content']/ul/li/span}]
Capabilities {acceptInsecureCerts: false, browserName: chrome, browserVersion: 128.0.6613.138, chrome: {chromedriverVersion: 128.0.6613.137 (fe621c5aa2d..., userDataDir: C:\Users\NEEKIK~1\AppData\L...}, fedcm:accounts: true, goog:chromeOptions: {debuggerAddress: localhost:58297}, networkConnectionEnabled: false, pageLoadStrategy: normal, platformName: windows, proxy: Proxy(), se:cdp: ws://localhost:58297/devtoo..., se:cdpVersion: 128.0.6613.138, setWindowRect: true, strictFileInteractability: false, timeouts: {implicit: 0, pageLoad: 300000, script: 30000}, unhandledPromptBehavior: dismiss and notify, webauthn:extension:credBlob: true, webauthn:extension:largeBlob: true, webauthn:extension:minPinLength: true, webauthn:extension:prf: true, webauthn:virtualAuthenticators: true}
Session ID: c2e1a76d10fa63677d6ed384c49b95d0
at java.base/jdk.internal.reflect.NativeConstructorAccessorImpl.newInstance0(Native Method)
at java.base/jdk.internal.reflect.NativeConstructorAccessorImpl.newInstance(NativeConstructorAccessorImpl.java:77)
at java.base/jdk.internal.reflect.DelegatingConstructorAccessorImpl.newInstance(DelegatingConstructorAccessorImpl.java:45)
at java.base/java.lang.reflect.Constructor.newInstanceWithCaller(Constructor.java:499)
at java.base/java.lang.reflect.Constructor.newInstance(Constructor.java:480)
at org.openqa.selenium.remote.ErrorCodec.decode(ErrorCodec.java:167)
at org.openqa.selenium.remote.codec.w3c.W3CHttpResponseCodec.decode(W3CHttpResponseCodec.java:138)
at org.openqa.selenium.remote.codec.w3c.W3CHttpResponseCodec.decode(W3CHttpResponseCodec.java:50)
at org.openqa.selenium.remote.HttpCommandExecutor.execute(HttpCommandExecutor.java:190)
at org.openqa.selenium.remote.service.DriverCommandExecutor.invokeExecute(DriverCommandExecutor.java:216)
at org.openqa.selenium.remote.service.DriverCommandExecutor.execute(DriverCommandExecutor.java:174)
at org.openqa.selenium.remote.RemoteWebDriver.execute(RemoteWebDriver.java:527)
at org.openqa.selenium.remote.ElementLocation$ElementFinder$2.findElement(ElementLocation.java:165)
at org.openqa.selenium.remote.ElementLocation.findElement(ElementLocation.java:59)
at org.openqa.selenium.remote.RemoteWebDriver.findElement(RemoteWebDriver.java:357)
at org.openqa.selenium.remote.RemoteWebDriver.findElement(RemoteWebDriver.java:351)
at org.openqa.selenium.support.pagefactory.DefaultElementLocator.findElement(DefaultElementLocator.java:68)
at org.openqa.selenium.support.pagefactory.internal.LocatingElementHandler.invoke(LocatingElementHandler.java:38)
at jdk.proxy2/jdk.proxy2.$Proxy10.isDisplayed(Unknown Source)
at amazon.Project.AmazonLogin.wrongPasswordExpected(AmazonLogin.java:61)
at amazon.ProjectTest.TC_03_AmazonLoginFailTestt.WrongCredentials(TC_03_AmazonLoginFailTestt.java:34)
at java.base/jdk.internal.reflect.NativeMethodAccessorImpl.invoke0(Native Method)
at java.base/jdk.internal.reflect.NativeMethodAccessorImpl.invoke(NativeMethodAccessorImpl.java:77)
at java.base/jdk.internal.reflect.DelegatingMethodAccessorImpl.invoke(DelegatingMethodAccessorImpl.java:43)
at java.base/java.lang.reflect.Method.invoke(Method.java:568)
at org.testng.internal.invokers.MethodInvocationHelper.invokeMethod(MethodInvocationHelper.java:139)
at org.testng.internal.invokers.TestInvoker.invokeMethod(TestInvoker.java:664)
at org.testng.internal.invokers.TestInvoker.invokeTestMethod(TestInvoker.java:227)
at org.testng.internal.invokers.MethodRunner.runInSequence(MethodRunner.java:50)
at org.testng.internal.invokers.TestInvoker$MethodInvocationAgent.invoke(TestInvoker.java:957)
at org.testng.internal.invokers.TestInvoker.invokeTestMethods(TestInvoker.java:200)
at org.testng.internal.invokers.TestMethodWorker.invokeTestMethods(TestMethodWorker.java:148)
at org.testng.internal.invokers.TestMethodWorker.run(TestMethodWorker.java:128)
at java.base/java.util.ArrayList.forEach(ArrayList.java:1511)
at org.testng.TestRunner.privateRun(TestRunner.java:848)
at org.testng.TestRunner.run(TestRunner.java:621)
at org.testng.SuiteRunner.runTest(SuiteRunner.java:443)
at org.testng.SuiteRunner.runSequentially(SuiteRunner.java:437)
at org.testng.SuiteRunner.privateRun(SuiteRunner.java:397)
at org.testng.SuiteRunner.run(SuiteRunner.java:336)
at org.testng.SuiteRunnerWorker.runSuite(SuiteRunnerWorker.java:52)
at org.testng.SuiteRunnerWorker.run(SuiteRunnerWorker.java:95)
at org.testng.TestNG.runSuitesSequentially(TestNG.java:1280)
at org.testng.TestNG.runSuitesLocally(TestNG.java:1200)
at org.testng.TestNG.runSuites(TestNG.java:1114)
at org.testng.TestNG.run(TestNG.java:1082)
at org.apache.maven.surefire.testng.TestNGExecutor.run(TestNGExecutor.java:308)
at org.apache.maven.surefire.testng.TestNGXmlTestSuite.execute(TestNGXmlTestSuite.java:71)
at org.apache.maven.surefire.testng.TestNGProvider.invoke(TestNGProvider.java:113)
at org.apache.maven.surefire.booter.ForkedBooter.runSuitesInProcess(ForkedBooter.java:385)
at org.apache.maven.surefire.booter.ForkedBooter.execute(ForkedBooter.java:162)
at org.apache.maven.surefire.booter.ForkedBooter.run(ForkedBooter.java:507)
at org.apache.maven.surefire.booter.ForkedBooter.main(ForkedBooter.java:495)
]]>
            </full-stacktrace>
          </exception> <!-- org.openqa.selenium.NoSuchElementException -->
          <reporter-output>
          </reporter-output>
        </test-method> <!-- WrongCredentials -->
        <test-method is-config="true" signature="after_coderun()[pri:0, instance:amazon.ProjectTest.TC_03_AmazonLoginFailTestt@38cee291]" started-at="2024-09-21T19:21:55 IST" name="after_coderun" finished-at="2024-09-21T19:21:56 IST" duration-ms="166" status="PASS">
          <reporter-output>
          </reporter-output>
        </test-method> <!-- after_coderun -->
        <test-method is-config="true" signature="generic_methods01()[pri:0, instance:amazon.ProjectTest.TC_03_AmazonLoginFailTestt@38cee291]" started-at="2024-09-21T19:21:56 IST" name="generic_methods01" finished-at="2024-09-21T19:22:00 IST" duration-ms="4221" status="PASS">
          <reporter-output>
          </reporter-output>
        </test-method> <!-- generic_methods01 -->
        <test-method signature="WrongCredentials()[pri:0, instance:amazon.ProjectTest.TC_03_AmazonLoginFailTestt@38cee291]" started-at="2024-09-21T19:22:00 IST" name="WrongCredentials" finished-at="2024-09-21T19:22:24 IST" duration-ms="23948" status="FAIL">
          <exception class="org.openqa.selenium.NoSuchElementException">
            <message>
              <![CDATA[no such element: Unable to locate element: {"method":"xpath","selector":"//div[@class='a-alert-content']/ul/li/span"}
  (Session info: chrome=128.0.6613.138)
For documentation on this error, please visit: https://www.selenium.dev/documentation/webdriver/troubleshooting/errors#no-such-element-exception
Build info: version: '4.23.0', revision: '4df0a231af'
System info: os.name: 'Windows 11', os.arch: 'amd64', os.version: '10.0', java.version: '17.0.8'
Driver info: org.openqa.selenium.chrome.ChromeDriver
Command: [df6cd62f69615f4733cb4ddd8d684a2b, findElement {using=xpath, value=//div[@class='a-alert-content']/ul/li/span}]
Capabilities {acceptInsecureCerts: false, browserName: chrome, browserVersion: 128.0.6613.138, chrome: {chromedriverVersion: 128.0.6613.137 (fe621c5aa2d..., userDataDir: C:\Users\NEEKIK~1\AppData\L...}, fedcm:accounts: true, goog:chromeOptions: {debuggerAddress: localhost:58454}, networkConnectionEnabled: false, pageLoadStrategy: normal, platformName: windows, proxy: Proxy(), se:cdp: ws://localhost:58454/devtoo..., se:cdpVersion: 128.0.6613.138, setWindowRect: true, strictFileInteractability: false, timeouts: {implicit: 0, pageLoad: 300000, script: 30000}, unhandledPromptBehavior: dismiss and notify, webauthn:extension:credBlob: true, webauthn:extension:largeBlob: true, webauthn:extension:minPinLength: true, webauthn:extension:prf: true, webauthn:virtualAuthenticators: true}
Session ID: df6cd62f69615f4733cb4ddd8d684a2b]]>
            </message>
            <full-stacktrace>
              <![CDATA[org.openqa.selenium.NoSuchElementException: no such element: Unable to locate element: {"method":"xpath","selector":"//div[@class='a-alert-content']/ul/li/span"}
  (Session info: chrome=128.0.6613.138)
For documentation on this error, please visit: https://www.selenium.dev/documentation/webdriver/troubleshooting/errors#no-such-element-exception
Build info: version: '4.23.0', revision: '4df0a231af'
System info: os.name: 'Windows 11', os.arch: 'amd64', os.version: '10.0', java.version: '17.0.8'
Driver info: org.openqa.selenium.chrome.ChromeDriver
Command: [df6cd62f69615f4733cb4ddd8d684a2b, findElement {using=xpath, value=//div[@class='a-alert-content']/ul/li/span}]
Capabilities {acceptInsecureCerts: false, browserName: chrome, browserVersion: 128.0.6613.138, chrome: {chromedriverVersion: 128.0.6613.137 (fe621c5aa2d..., userDataDir: C:\Users\NEEKIK~1\AppData\L...}, fedcm:accounts: true, goog:chromeOptions: {debuggerAddress: localhost:58454}, networkConnectionEnabled: false, pageLoadStrategy: normal, platformName: windows, proxy: Proxy(), se:cdp: ws://localhost:58454/devtoo..., se:cdpVersion: 128.0.6613.138, setWindowRect: true, strictFileInteractability: false, timeouts: {implicit: 0, pageLoad: 300000, script: 30000}, unhandledPromptBehavior: dismiss and notify, webauthn:extension:credBlob: true, webauthn:extension:largeBlob: true, webauthn:extension:minPinLength: true, webauthn:extension:prf: true, webauthn:virtualAuthenticators: true}
Session ID: df6cd62f69615f4733cb4ddd8d684a2b
at java.base/jdk.internal.reflect.NativeConstructorAccessorImpl.newInstance0(Native Method)
at java.base/jdk.internal.reflect.NativeConstructorAccessorImpl.newInstance(NativeConstructorAccessorImpl.java:77)
at java.base/jdk.internal.reflect.DelegatingConstructorAccessorImpl.newInstance(DelegatingConstructorAccessorImpl.java:45)
at java.base/java.lang.reflect.Constructor.newInstanceWithCaller(Constructor.java:499)
at java.base/java.lang.reflect.Constructor.newInstance(Constructor.java:480)
at org.openqa.selenium.remote.ErrorCodec.decode(ErrorCodec.java:167)
at org.openqa.selenium.remote.codec.w3c.W3CHttpResponseCodec.decode(W3CHttpResponseCodec.java:138)
at org.openqa.selenium.remote.codec.w3c.W3CHttpResponseCodec.decode(W3CHttpResponseCodec.java:50)
at org.openqa.selenium.remote.HttpCommandExecutor.execute(HttpCommandExecutor.java:190)
at org.openqa.selenium.remote.service.DriverCommandExecutor.invokeExecute(DriverCommandExecutor.java:216)
at org.openqa.selenium.remote.service.DriverCommandExecutor.execute(DriverCommandExecutor.java:174)
at org.openqa.selenium.remote.RemoteWebDriver.execute(RemoteWebDriver.java:527)
at org.openqa.selenium.remote.ElementLocation$ElementFinder$2.findElement(ElementLocation.java:165)
at org.openqa.selenium.remote.ElementLocation.findElement(ElementLocation.java:59)
at org.openqa.selenium.remote.RemoteWebDriver.findElement(RemoteWebDriver.java:357)
at org.openqa.selenium.remote.RemoteWebDriver.findElement(RemoteWebDriver.java:351)
at org.openqa.selenium.support.pagefactory.DefaultElementLocator.findElement(DefaultElementLocator.java:68)
at org.openqa.selenium.support.pagefactory.internal.LocatingElementHandler.invoke(LocatingElementHandler.java:38)
at jdk.proxy2/jdk.proxy2.$Proxy10.isDisplayed(Unknown Source)
at amazon.Project.AmazonLogin.wrongPasswordExpected(AmazonLogin.java:61)
at amazon.ProjectTest.TC_03_AmazonLoginFailTestt.WrongCredentials(TC_03_AmazonLoginFailTestt.java:34)
at java.base/jdk.internal.reflect.NativeMethodAccessorImpl.invoke0(Native Method)
at java.base/jdk.internal.reflect.NativeMethodAccessorImpl.invoke(NativeMethodAccessorImpl.java:77)
at java.base/jdk.internal.reflect.DelegatingMethodAccessorImpl.invoke(DelegatingMethodAccessorImpl.java:43)
at java.base/java.lang.reflect.Method.invoke(Method.java:568)
at org.testng.internal.invokers.MethodInvocationHelper.invokeMethod(MethodInvocationHelper.java:139)
at org.testng.internal.invokers.TestInvoker.invokeMethod(TestInvoker.java:664)
at org.testng.internal.invokers.TestInvoker.retryFailed(TestInvoker.java:248)
at org.testng.internal.invokers.MethodRunner.runInSequence(MethodRunner.java:62)
at org.testng.internal.invokers.TestInvoker$MethodInvocationAgent.invoke(TestInvoker.java:957)
at org.testng.internal.invokers.TestInvoker.invokeTestMethods(TestInvoker.java:200)
at org.testng.internal.invokers.TestMethodWorker.invokeTestMethods(TestMethodWorker.java:148)
at org.testng.internal.invokers.TestMethodWorker.run(TestMethodWorker.java:128)
at java.base/java.util.ArrayList.forEach(ArrayList.java:1511)
at org.testng.TestRunner.privateRun(TestRunner.java:848)
at org.testng.TestRunner.run(TestRunner.java:621)
at org.testng.SuiteRunner.runTest(SuiteRunner.java:443)
at org.testng.SuiteRunner.runSequentially(SuiteRunner.java:437)
at org.testng.SuiteRunner.privateRun(SuiteRunner.java:397)
at org.testng.SuiteRunner.run(SuiteRunner.java:336)
at org.testng.SuiteRunnerWorker.runSuite(SuiteRunnerWorker.java:52)
at org.testng.SuiteRunnerWorker.run(SuiteRunnerWorker.java:95)
at org.testng.TestNG.runSuitesSequentially(TestNG.java:1280)
at org.testng.TestNG.runSuitesLocally(TestNG.java:1200)
at org.testng.TestNG.runSuites(TestNG.java:1114)
at org.testng.TestNG.run(TestNG.java:1082)
at org.apache.maven.surefire.testng.TestNGExecutor.run(TestNGExecutor.java:308)
at org.apache.maven.surefire.testng.TestNGXmlTestSuite.execute(TestNGXmlTestSuite.java:71)
at org.apache.maven.surefire.testng.TestNGProvider.invoke(TestNGProvider.java:113)
at org.apache.maven.surefire.booter.ForkedBooter.runSuitesInProcess(ForkedBooter.java:385)
at org.apache.maven.surefire.booter.ForkedBooter.execute(ForkedBooter.java:162)
at org.apache.maven.surefire.booter.ForkedBooter.run(ForkedBooter.java:507)
at org.apache.maven.surefire.booter.ForkedBooter.main(ForkedBooter.java:495)
]]>
            </full-stacktrace>
          </exception> <!-- org.openqa.selenium.NoSuchElementException -->
          <reporter-output>
          </reporter-output>
        </test-method> <!-- WrongCredentials -->
        <test-method is-config="true" signature="after_coderun()[pri:0, instance:amazon.ProjectTest.TC_03_AmazonLoginFailTestt@38cee291]" started-at="2024-09-21T19:22:24 IST" name="after_coderun" finished-at="2024-09-21T19:22:24 IST" duration-ms="175" status="PASS">
          <reporter-output>
          </reporter-output>
        </test-method> <!-- after_coderun -->
      </class> <!-- amazon.ProjectTest.TC_03_AmazonLoginFailTestt -->
      <class name="amazon.ProjectTest.TC_12_AmazonPaymentMethodSelectAll">
        <test-method is-config="true" signature="generic_methods01()[pri:0, instance:amazon.ProjectTest.TC_12_AmazonPaymentMethodSelectAll@4b45a2f5]" started-at="2024-09-21T19:22:24 IST" name="generic_methods01" finished-at="2024-09-21T19:22:27 IST" duration-ms="2567" status="PASS">
          <reporter-output>
          </reporter-output>
        </test-method> <!-- generic_methods01 -->
        <test-method signature="usingCODOption()[pri:3, instance:amazon.ProjectTest.TC_12_AmazonPaymentMethodSelectAll@4b45a2f5]" started-at="2024-09-21T19:22:27 IST" name="usingCODOption" finished-at="2024-09-21T19:22:47 IST" duration-ms="20519" status="PASS">
          <reporter-output>
          </reporter-output>
        </test-method> <!-- usingCODOption -->
        <test-method is-config="true" signature="after_coderun()[pri:0, instance:amazon.ProjectTest.TC_12_AmazonPaymentMethodSelectAll@4b45a2f5]" started-at="2024-09-21T19:22:47 IST" name="after_coderun" finished-at="2024-09-21T19:22:48 IST" duration-ms="224" status="PASS">
          <reporter-output>
          </reporter-output>
        </test-method> <!-- after_coderun -->
      </class> <!-- amazon.ProjectTest.TC_12_AmazonPaymentMethodSelectAll -->
      <class name="amazon.ProjectTest.TC_11_AmazonCheckout">
        <test-method is-config="true" signature="generic_methods01()[pri:0, instance:amazon.ProjectTest.TC_11_AmazonCheckout@229c6181]" started-at="2024-09-21T19:20:05 IST" name="generic_methods01" finished-at="2024-09-21T19:20:12 IST" duration-ms="7328" status="PASS">
          <reporter-output>
          </reporter-output>
        </test-method> <!-- generic_methods01 -->
        <test-method signature="amazonCheckoutCode()[pri:0, instance:amazon.ProjectTest.TC_11_AmazonCheckout@229c6181]" started-at="2024-09-21T19:20:12 IST" name="amazonCheckoutCode" finished-at="2024-09-21T19:20:40 IST" duration-ms="27433" status="PASS">
          <reporter-output>
          </reporter-output>
        </test-method> <!-- amazonCheckoutCode -->
        <test-method is-config="true" signature="after_coderun()[pri:0, instance:amazon.ProjectTest.TC_11_AmazonCheckout@229c6181]" started-at="2024-09-21T19:20:40 IST" name="after_coderun" finished-at="2024-09-21T19:20:41 IST" duration-ms="286" status="PASS">
          <reporter-output>
          </reporter-output>
        </test-method> <!-- after_coderun -->
      </class> <!-- amazon.ProjectTest.TC_11_AmazonCheckout -->
      <class name="amazon.ProjectTest.TC_02_AmazonLoginTest">
        <test-method is-config="true" signature="generic_methods01()[pri:0, instance:amazon.ProjectTest.TC_02_AmazonLoginTest@659499f1]" started-at="2024-09-21T19:18:31 IST" name="generic_methods01" finished-at="2024-09-21T19:18:36 IST" duration-ms="4873" status="PASS">
          <reporter-output>
          </reporter-output>
        </test-method> <!-- generic_methods01 -->
        <test-method signature="usernameTestcase()[pri:0, instance:amazon.ProjectTest.TC_02_AmazonLoginTest@659499f1]" started-at="2024-09-21T19:18:36 IST" name="usernameTestcase" finished-at="2024-09-21T19:18:44 IST" duration-ms="7609" status="PASS">
          <reporter-output>
          </reporter-output>
        </test-method> <!-- usernameTestcase -->
        <test-method is-config="true" signature="after_coderun()[pri:0, instance:amazon.ProjectTest.TC_02_AmazonLoginTest@659499f1]" started-at="2024-09-21T19:18:45 IST" name="after_coderun" finished-at="2024-09-21T19:18:45 IST" duration-ms="227" status="PASS">
          <reporter-output>
          </reporter-output>
        </test-method> <!-- after_coderun -->
      </class> <!-- amazon.ProjectTest.TC_02_AmazonLoginTest -->
      <class name="amazon.ProjectTest.TC_07_AmazonProductDetailsTest">
        <test-method is-config="true" signature="generic_methods01()[pri:0, instance:amazon.ProjectTest.TC_07_AmazonProductDetailsTest@5677323c]" started-at="2024-09-21T19:19:04 IST" name="generic_methods01" finished-at="2024-09-21T19:19:08 IST" duration-ms="3451" status="PASS">
          <reporter-output>
          </reporter-output>
        </test-method> <!-- generic_methods01 -->
        <test-method signature="productDetails()[pri:0, instance:amazon.ProjectTest.TC_07_AmazonProductDetailsTest@5677323c]" started-at="2024-09-21T19:19:08 IST" name="productDetails" finished-at="2024-09-21T19:19:14 IST" duration-ms="5924" status="PASS">
          <reporter-output>
          </reporter-output>
        </test-method> <!-- productDetails -->
        <test-method is-config="true" signature="after_coderun()[pri:0, instance:amazon.ProjectTest.TC_07_AmazonProductDetailsTest@5677323c]" started-at="2024-09-21T19:19:14 IST" name="after_coderun" finished-at="2024-09-21T19:19:14 IST" duration-ms="203" status="PASS">
          <reporter-output>
          </reporter-output>
        </test-method> <!-- after_coderun -->
      </class> <!-- amazon.ProjectTest.TC_07_AmazonProductDetailsTest -->
      <class name="amazon.ProjectTest.TC_05_AmazonSearchTest">
        <test-method is-config="true" signature="generic_methods01()[pri:0, instance:amazon.ProjectTest.TC_05_AmazonSearchTest@5824a83d]" started-at="2024-09-21T19:18:45 IST" name="generic_methods01" finished-at="2024-09-21T19:18:49 IST" duration-ms="4175" status="PASS">
          <reporter-output>
          </reporter-output>
        </test-method> <!-- generic_methods01 -->
        <test-method signature="searchTestCase()[pri:0, instance:amazon.ProjectTest.TC_05_AmazonSearchTest@5824a83d]" started-at="2024-09-21T19:18:49 IST" name="searchTestCase" finished-at="2024-09-21T19:18:57 IST" duration-ms="7641" status="PASS">
          <reporter-output>
          </reporter-output>
        </test-method> <!-- searchTestCase -->
        <test-method is-config="true" signature="after_coderun()[pri:0, instance:amazon.ProjectTest.TC_05_AmazonSearchTest@5824a83d]" started-at="2024-09-21T19:18:57 IST" name="after_coderun" finished-at="2024-09-21T19:18:57 IST" duration-ms="197" status="PASS">
          <reporter-output>
          </reporter-output>
        </test-method> <!-- after_coderun -->
      </class> <!-- amazon.ProjectTest.TC_05_AmazonSearchTest -->
      <class name="amazon.ProjectTest.TC_04_AmazonManageProfileTest">
        <test-method is-config="true" signature="generic_methods01()[pri:0, instance:amazon.ProjectTest.TC_04_AmazonManageProfileTest@791f145a]" started-at="2024-09-21T19:21:10 IST" name="generic_methods01" finished-at="2024-09-21T19:21:15 IST" duration-ms="4573" status="PASS">
          <reporter-output>
          </reporter-output>
        </test-method> <!-- generic_methods01 -->
        <test-method signature="clickManageProfileTest()[pri:0, instance:amazon.ProjectTest.TC_04_AmazonManageProfileTest@791f145a]" started-at="2024-09-21T19:21:15 IST" name="clickManageProfileTest" finished-at="2024-09-21T19:21:29 IST" duration-ms="14637" status="PASS">
          <reporter-output>
          </reporter-output>
        </test-method> <!-- clickManageProfileTest -->
        <test-method is-config="true" signature="after_coderun()[pri:0, instance:amazon.ProjectTest.TC_04_AmazonManageProfileTest@791f145a]" started-at="2024-09-21T19:21:30 IST" name="after_coderun" finished-at="2024-09-21T19:21:30 IST" duration-ms="217" status="PASS">
          <reporter-output>
          </reporter-output>
        </test-method> <!-- after_coderun -->
      </class> <!-- amazon.ProjectTest.TC_04_AmazonManageProfileTest -->
      <class name="amazon.ProjectTest.TC_08_AmazonSortProducTest">
        <test-method is-config="true" signature="generic_methods01()[pri:0, instance:amazon.ProjectTest.TC_08_AmazonSortProducTest@18df8434]" started-at="2024-09-21T19:19:14 IST" name="generic_methods01" finished-at="2024-09-21T19:19:18 IST" duration-ms="3490" status="PASS">
          <reporter-output>
          </reporter-output>
        </test-method> <!-- generic_methods01 -->
        <test-method signature="SortByFeature()[pri:1, instance:amazon.ProjectTest.TC_08_AmazonSortProducTest@18df8434]" started-at="2024-09-21T19:19:18 IST" name="SortByFeature" finished-at="2024-09-21T19:19:25 IST" duration-ms="7258" status="PASS">
          <reporter-output>
          </reporter-output>
        </test-method> <!-- SortByFeature -->
        <test-method is-config="true" signature="after_coderun()[pri:0, instance:amazon.ProjectTest.TC_08_AmazonSortProducTest@18df8434]" started-at="2024-09-21T19:19:25 IST" name="after_coderun" finished-at="2024-09-21T19:19:26 IST" duration-ms="214" status="PASS">
          <reporter-output>
          </reporter-output>
        </test-method> <!-- after_coderun -->
      </class> <!-- amazon.ProjectTest.TC_08_AmazonSortProducTest -->
      <class name="amazon.ProjectTest.TC_10_AmazonItemsAddedQuantity">
        <test-method is-config="true" signature="generic_methods01()[pri:0, instance:amazon.ProjectTest.TC_10_AmazonItemsAddedQuantity@4d154ccd]" started-at="2024-09-21T19:19:40 IST" name="generic_methods01" finished-at="2024-09-21T19:19:44 IST" duration-ms="4157" status="PASS">
          <reporter-output>
          </reporter-output>
        </test-method> <!-- generic_methods01 -->
        <test-method signature="addedMoreQuantity()[pri:1, instance:amazon.ProjectTest.TC_10_AmazonItemsAddedQuantity@4d154ccd]" started-at="2024-09-21T19:19:44 IST" name="addedMoreQuantity" finished-at="2024-09-21T19:20:04 IST" duration-ms="19535" status="PASS">
          <reporter-output>
          </reporter-output>
        </test-method> <!-- addedMoreQuantity -->
        <test-method is-config="true" signature="after_coderun()[pri:0, instance:amazon.ProjectTest.TC_10_AmazonItemsAddedQuantity@4d154ccd]" started-at="2024-09-21T19:20:04 IST" name="after_coderun" finished-at="2024-09-21T19:20:05 IST" duration-ms="588" status="PASS">
          <reporter-output>
          </reporter-output>
        </test-method> <!-- after_coderun -->
      </class> <!-- amazon.ProjectTest.TC_10_AmazonItemsAddedQuantity -->
      <class name="amazon.ProjectTest.TC_09_AmazonAddToCartTest">
        <test-method is-config="true" signature="generic_methods01()[pri:0, instance:amazon.ProjectTest.TC_09_AmazonAddToCartTest@65c7a252]" started-at="2024-09-21T19:19:26 IST" name="generic_methods01" finished-at="2024-09-21T19:19:30 IST" duration-ms="4318" status="PASS">
          <reporter-output>
          </reporter-output>
        </test-method> <!-- generic_methods01 -->
        <test-method signature="addToCart()[pri:0, instance:amazon.ProjectTest.TC_09_AmazonAddToCartTest@65c7a252]" started-at="2024-09-21T19:19:30 IST" name="addToCart" finished-at="2024-09-21T19:19:39 IST" duration-ms="8761" status="PASS">
          <reporter-output>
          </reporter-output>
        </test-method> <!-- addToCart -->
        <test-method is-config="true" signature="after_coderun()[pri:0, instance:amazon.ProjectTest.TC_09_AmazonAddToCartTest@65c7a252]" started-at="2024-09-21T19:19:40 IST" name="after_coderun" finished-at="2024-09-21T19:19:40 IST" duration-ms="317" status="PASS">
          <reporter-output>
          </reporter-output>
        </test-method> <!-- after_coderun -->
      </class> <!-- amazon.ProjectTest.TC_09_AmazonAddToCartTest -->
      <class name="amazon.ProjectTest.TC_06_AmazonSearchFilterTest">
        <test-method is-config="true" signature="generic_methods01()[pri:0, instance:amazon.ProjectTest.TC_06_AmazonSearchFilterTest@537f60bf]" started-at="2024-09-21T19:18:57 IST" name="generic_methods01" finished-at="2024-09-21T19:19:01 IST" duration-ms="3355" status="PASS">
          <reporter-output>
          </reporter-output>
        </test-method> <!-- generic_methods01 -->
        <test-method signature="searchByCategory()[pri:0, instance:amazon.ProjectTest.TC_06_AmazonSearchFilterTest@537f60bf]" started-at="2024-09-21T19:19:01 IST" name="searchByCategory" finished-at="2024-09-21T19:19:04 IST" duration-ms="3217" status="PASS">
          <reporter-output>
          </reporter-output>
        </test-method> <!-- searchByCategory -->
        <test-method is-config="true" signature="after_coderun()[pri:0, instance:amazon.ProjectTest.TC_06_AmazonSearchFilterTest@537f60bf]" started-at="2024-09-21T19:19:04 IST" name="after_coderun" finished-at="2024-09-21T19:19:04 IST" duration-ms="176" status="PASS">
          <reporter-output>
          </reporter-output>
        </test-method> <!-- after_coderun -->
      </class> <!-- amazon.ProjectTest.TC_06_AmazonSearchFilterTest -->
      <class name="amazon.ProjectTest.TC_13">
        <test-method is-config="true" signature="generic_methods01()[pri:0, instance:amazon.ProjectTest.TC_13@4686afc2]" started-at="2024-09-21T19:20:41 IST" name="generic_methods01" finished-at="2024-09-21T19:20:44 IST" duration-ms="3001" status="PASS">
          <reporter-output>
          </reporter-output>
        </test-method> <!-- generic_methods01 -->
        <test-method signature="offers()[pri:0, instance:amazon.ProjectTest.TC_13@4686afc2]" started-at="2024-09-21T19:20:44 IST" name="offers" finished-at="2024-09-21T19:20:50 IST" duration-ms="6708" status="PASS">
          <reporter-output>
          </reporter-output>
        </test-method> <!-- offers -->
        <test-method is-config="true" signature="after_coderun()[pri:0, instance:amazon.ProjectTest.TC_13@4686afc2]" started-at="2024-09-21T19:20:51 IST" name="after_coderun" finished-at="2024-09-21T19:20:51 IST" duration-ms="224" status="PASS">
          <reporter-output>
          </reporter-output>
        </test-method> <!-- after_coderun -->
      </class> <!-- amazon.ProjectTest.TC_13 -->
      <class name="amazon.ProjectTest.TC_15">
        <test-method is-config="true" signature="generic_methods01()[pri:0, instance:amazon.ProjectTest.TC_15@1e0b4072]" started-at="2024-09-21T19:20:51 IST" name="generic_methods01" finished-at="2024-09-21T19:20:54 IST" duration-ms="3000" status="PASS">
          <reporter-output>
          </reporter-output>
        </test-method> <!-- generic_methods01 -->
        <test-method signature="addCartTo()[pri:0, instance:amazon.ProjectTest.TC_15@1e0b4072]" started-at="2024-09-21T19:20:54 IST" name="addCartTo" finished-at="2024-09-21T19:21:09 IST" duration-ms="15006" status="PASS">
          <reporter-output>
          </reporter-output>
        </test-method> <!-- addCartTo -->
        <test-method is-config="true" signature="after_coderun()[pri:0, instance:amazon.ProjectTest.TC_15@1e0b4072]" started-at="2024-09-21T19:21:10 IST" name="after_coderun" finished-at="2024-09-21T19:21:10 IST" duration-ms="350" status="PASS">
          <reporter-output>
          </reporter-output>
        </test-method> <!-- after_coderun -->
      </class> <!-- amazon.ProjectTest.TC_15 -->
    </test> <!-- Test in Chrome -->
  </suite> <!-- Suite -->
</testng-results>
