<?xml version="1.0" encoding="UTF-8"?>
<testng-results retried="1" ignored="1" total="15" passed="11" failed="2" skipped="0">
  <reporter-output>
  </reporter-output>
  <suite started-at="2024-09-21T19:12:49 IST" name="Suite" finished-at="2024-09-21T19:17:29 IST" duration-ms="280155">
    <groups>
    </groups>
    <test started-at="2024-09-21T19:12:49 IST" name="Test in Chrome" finished-at="2024-09-21T19:17:29 IST" duration-ms="280155">
      <class name="amazon.ProjectTest.TC_03_AmazonLoginFailTestt">
        <test-method is-config="true" signature="generic_methods01()[pri:0, instance:amazon.ProjectTest.TC_03_AmazonLoginFailTestt@6440112d]" started-at="2024-09-21T19:15:46 IST" name="generic_methods01" finished-at="2024-09-21T19:15:57 IST" duration-ms="11687" status="PASS">
          <reporter-output>
          </reporter-output>
        </test-method> <!-- generic_methods01 -->
        <test-method retried="true" signature="WrongCredentials()[pri:0, instance:amazon.ProjectTest.TC_03_AmazonLoginFailTestt@6440112d]" started-at="2024-09-21T19:15:57 IST" name="WrongCredentials" finished-at="2024-09-21T19:16:26 IST" duration-ms="29223" status="SKIP">
          <exception class="org.openqa.selenium.NoSuchElementException">
            <message>
              <![CDATA[no such element: Unable to locate element: {"method":"xpath","selector":"//div[@class='a-alert-content']/ul/li/span"}
  (Session info: chrome=128.0.6613.138)
For documentation on this error, please visit: https://www.selenium.dev/documentation/webdriver/troubleshooting/errors#no-such-element-exception
Build info: version: '4.23.0', revision: '4df0a231af'
System info: os.name: 'Windows 11', os.arch: 'amd64', os.version: '10.0', java.version: '17.0.8'
Driver info: org.openqa.selenium.chrome.ChromeDriver
Command: [c30209de3d138913ef2f0f03ef733bf8, findElement {using=xpath, value=//div[@class='a-alert-content']/ul/li/span}]
Capabilities {acceptInsecureCerts: false, browserName: chrome, browserVersion: 128.0.6613.138, chrome: {chromedriverVersion: 128.0.6613.137 (fe621c5aa2d..., userDataDir: C:\Users\NEEKIK~1\AppData\L...}, fedcm:accounts: true, goog:chromeOptions: {debuggerAddress: localhost:55769}, networkConnectionEnabled: false, pageLoadStrategy: normal, platformName: windows, proxy: Proxy(), se:cdp: ws://localhost:55769/devtoo..., se:cdpVersion: 128.0.6613.138, setWindowRect: true, strictFileInteractability: false, timeouts: {implicit: 0, pageLoad: 300000, script: 30000}, unhandledPromptBehavior: dismiss and notify, webauthn:extension:credBlob: true, webauthn:extension:largeBlob: true, webauthn:extension:minPinLength: true, webauthn:extension:prf: true, webauthn:virtualAuthenticators: true}
Session ID: c30209de3d138913ef2f0f03ef733bf8]]>
            </message>
            <full-stacktrace>
              <![CDATA[org.openqa.selenium.NoSuchElementException: no such element: Unable to locate element: {"method":"xpath","selector":"//div[@class='a-alert-content']/ul/li/span"}
  (Session info: chrome=128.0.6613.138)
For documentation on this error, please visit: https://www.selenium.dev/documentation/webdriver/troubleshooting/errors#no-such-element-exception
Build info: version: '4.23.0', revision: '4df0a231af'
System info: os.name: 'Windows 11', os.arch: 'amd64', os.version: '10.0', java.version: '17.0.8'
Driver info: org.openqa.selenium.chrome.ChromeDriver
Command: [c30209de3d138913ef2f0f03ef733bf8, findElement {using=xpath, value=//div[@class='a-alert-content']/ul/li/span}]
Capabilities {acceptInsecureCerts: false, browserName: chrome, browserVersion: 128.0.6613.138, chrome: {chromedriverVersion: 128.0.6613.137 (fe621c5aa2d..., userDataDir: C:\Users\NEEKIK~1\AppData\L...}, fedcm:accounts: true, goog:chromeOptions: {debuggerAddress: localhost:55769}, networkConnectionEnabled: false, pageLoadStrategy: normal, platformName: windows, proxy: Proxy(), se:cdp: ws://localhost:55769/devtoo..., se:cdpVersion: 128.0.6613.138, setWindowRect: true, strictFileInteractability: false, timeouts: {implicit: 0, pageLoad: 300000, script: 30000}, unhandledPromptBehavior: dismiss and notify, webauthn:extension:credBlob: true, webauthn:extension:largeBlob: true, webauthn:extension:minPinLength: true, webauthn:extension:prf: true, webauthn:virtualAuthenticators: true}
Session ID: c30209de3d138913ef2f0f03ef733bf8
at java.base/jdk.internal.reflect.NativeConstructorAccessorImpl.newInstance0(Native Method)
at java.base/jdk.internal.reflect.NativeConstructorAccessorImpl.newInstance(NativeConstructorAccessorImpl.java:77)
at java.base/jdk.internal.reflect.DelegatingConstructorAccessorImpl.newInstance(DelegatingConstructorAccessorImpl.java:45)
at java.base/java.lang.reflect.Constructor.newInstanceWithCaller(Constructor.java:499)
at java.base/java.lang.reflect.Constructor.newInstance(Constructor.java:480)
at org.openqa.selenium.remote.ErrorCodec.decode(ErrorCodec.java:167)
at org.openqa.selenium.remote.codec.w3c.W3CHttpResponseCodec.decode(W3CHttpResponseCodec.java:138)
at org.openqa.selenium.remote.codec.w3c.W3CHttpResponseCodec.decode(W3CHttpResponseCodec.java:50)
at org.openqa.selenium.remote.HttpCommandExecutor.execute(HttpCommandExecutor.java:190)
at org.openqa.selenium.remote.service.DriverCommandExecutor.invokeExecute(DriverCommandExecutor.java:216)
at org.openqa.selenium.remote.service.DriverCommandExecutor.execute(DriverCommandExecutor.java:174)
at org.openqa.selenium.remote.RemoteWebDriver.execute(RemoteWebDriver.java:527)
at org.openqa.selenium.remote.ElementLocation$ElementFinder$2.findElement(ElementLocation.java:165)
at org.openqa.selenium.remote.ElementLocation.findElement(ElementLocation.java:59)
at org.openqa.selenium.remote.RemoteWebDriver.findElement(RemoteWebDriver.java:357)
at org.openqa.selenium.remote.RemoteWebDriver.findElement(RemoteWebDriver.java:351)
at org.openqa.selenium.support.pagefactory.DefaultElementLocator.findElement(DefaultElementLocator.java:68)
at org.openqa.selenium.support.pagefactory.internal.LocatingElementHandler.invoke(LocatingElementHandler.java:38)
at jdk.proxy2/jdk.proxy2.$Proxy14.isDisplayed(Unknown Source)
at amazon.Project.AmazonLogin.wrongPasswordExpected(AmazonLogin.java:61)
at amazon.ProjectTest.TC_03_AmazonLoginFailTestt.WrongCredentials(TC_03_AmazonLoginFailTestt.java:34)
at java.base/jdk.internal.reflect.NativeMethodAccessorImpl.invoke0(Native Method)
at java.base/jdk.internal.reflect.NativeMethodAccessorImpl.invoke(NativeMethodAccessorImpl.java:77)
at java.base/jdk.internal.reflect.DelegatingMethodAccessorImpl.invoke(DelegatingMethodAccessorImpl.java:43)
at java.base/java.lang.reflect.Method.invoke(Method.java:568)
at org.testng.internal.invokers.MethodInvocationHelper.invokeMethod(MethodInvocationHelper.java:141)
at org.testng.internal.invokers.TestInvoker.invokeMethod(TestInvoker.java:686)
at org.testng.internal.invokers.TestInvoker.invokeTestMethod(TestInvoker.java:230)
at org.testng.internal.invokers.MethodRunner.runInSequence(MethodRunner.java:63)
at org.testng.internal.invokers.TestInvoker$MethodInvocationAgent.invoke(TestInvoker.java:992)
at org.testng.internal.invokers.TestInvoker.invokeTestMethods(TestInvoker.java:203)
at org.testng.internal.invokers.TestMethodWorker.invokeTestMethods(TestMethodWorker.java:154)
at org.testng.internal.invokers.TestMethodWorker.run(TestMethodWorker.java:134)
at java.base/java.util.ArrayList.forEach(ArrayList.java:1511)
at org.testng.TestRunner.privateRun(TestRunner.java:739)
at org.testng.TestRunner.run(TestRunner.java:614)
at org.testng.SuiteRunner.runTest(SuiteRunner.java:421)
at org.testng.SuiteRunner.runSequentially(SuiteRunner.java:413)
at org.testng.SuiteRunner.privateRun(SuiteRunner.java:373)
at org.testng.SuiteRunner.run(SuiteRunner.java:312)
at org.testng.SuiteRunnerWorker.runSuite(SuiteRunnerWorker.java:52)
at org.testng.SuiteRunnerWorker.run(SuiteRunnerWorker.java:95)
at org.testng.TestNG.runSuitesSequentially(TestNG.java:1274)
at org.testng.TestNG.runSuitesLocally(TestNG.java:1208)
at org.testng.TestNG.runSuites(TestNG.java:1112)
at org.testng.TestNG.run(TestNG.java:1079)
at org.testng.remote.AbstractRemoteTestNG.run(AbstractRemoteTestNG.java:115)
at org.testng.remote.RemoteTestNG.initAndRun(RemoteTestNG.java:293)
at org.testng.remote.RemoteTestNG.main(RemoteTestNG.java:91)
]]>
            </full-stacktrace>
          </exception> <!-- org.openqa.selenium.NoSuchElementException -->
          <reporter-output>
          </reporter-output>
        </test-method> <!-- WrongCredentials -->
        <test-method is-config="true" signature="after_coderun()[pri:0, instance:amazon.ProjectTest.TC_03_AmazonLoginFailTestt@6440112d]" started-at="2024-09-21T19:16:26 IST" name="after_coderun" finished-at="2024-09-21T19:16:27 IST" duration-ms="446" status="PASS">
          <reporter-output>
          </reporter-output>
        </test-method> <!-- after_coderun -->
        <test-method is-config="true" signature="generic_methods01()[pri:0, instance:amazon.ProjectTest.TC_03_AmazonLoginFailTestt@6440112d]" started-at="2024-09-21T19:16:27 IST" name="generic_methods01" finished-at="2024-09-21T19:16:32 IST" duration-ms="5066" status="PASS">
          <reporter-output>
          </reporter-output>
        </test-method> <!-- generic_methods01 -->
        <test-method signature="WrongCredentials()[pri:0, instance:amazon.ProjectTest.TC_03_AmazonLoginFailTestt@6440112d]" started-at="2024-09-21T19:16:32 IST" name="WrongCredentials" finished-at="2024-09-21T19:16:59 IST" duration-ms="26588" status="FAIL">
          <exception class="org.openqa.selenium.NoSuchElementException">
            <message>
              <![CDATA[no such element: Unable to locate element: {"method":"xpath","selector":"//div[@class='a-alert-content']/ul/li/span"}
  (Session info: chrome=128.0.6613.138)
For documentation on this error, please visit: https://www.selenium.dev/documentation/webdriver/troubleshooting/errors#no-such-element-exception
Build info: version: '4.23.0', revision: '4df0a231af'
System info: os.name: 'Windows 11', os.arch: 'amd64', os.version: '10.0', java.version: '17.0.8'
Driver info: org.openqa.selenium.chrome.ChromeDriver
Command: [67e7456e482e15a6637b40fd07d885ea, findElement {using=xpath, value=//div[@class='a-alert-content']/ul/li/span}]
Capabilities {acceptInsecureCerts: false, browserName: chrome, browserVersion: 128.0.6613.138, chrome: {chromedriverVersion: 128.0.6613.137 (fe621c5aa2d..., userDataDir: C:\Users\NEEKIK~1\AppData\L...}, fedcm:accounts: true, goog:chromeOptions: {debuggerAddress: localhost:56007}, networkConnectionEnabled: false, pageLoadStrategy: normal, platformName: windows, proxy: Proxy(), se:cdp: ws://localhost:56007/devtoo..., se:cdpVersion: 128.0.6613.138, setWindowRect: true, strictFileInteractability: false, timeouts: {implicit: 0, pageLoad: 300000, script: 30000}, unhandledPromptBehavior: dismiss and notify, webauthn:extension:credBlob: true, webauthn:extension:largeBlob: true, webauthn:extension:minPinLength: true, webauthn:extension:prf: true, webauthn:virtualAuthenticators: true}
Session ID: 67e7456e482e15a6637b40fd07d885ea]]>
            </message>
            <full-stacktrace>
              <![CDATA[org.openqa.selenium.NoSuchElementException: no such element: Unable to locate element: {"method":"xpath","selector":"//div[@class='a-alert-content']/ul/li/span"}
  (Session info: chrome=128.0.6613.138)
For documentation on this error, please visit: https://www.selenium.dev/documentation/webdriver/troubleshooting/errors#no-such-element-exception
Build info: version: '4.23.0', revision: '4df0a231af'
System info: os.name: 'Windows 11', os.arch: 'amd64', os.version: '10.0', java.version: '17.0.8'
Driver info: org.openqa.selenium.chrome.ChromeDriver
Command: [67e7456e482e15a6637b40fd07d885ea, findElement {using=xpath, value=//div[@class='a-alert-content']/ul/li/span}]
Capabilities {acceptInsecureCerts: false, browserName: chrome, browserVersion: 128.0.6613.138, chrome: {chromedriverVersion: 128.0.6613.137 (fe621c5aa2d..., userDataDir: C:\Users\NEEKIK~1\AppData\L...}, fedcm:accounts: true, goog:chromeOptions: {debuggerAddress: localhost:56007}, networkConnectionEnabled: false, pageLoadStrategy: normal, platformName: windows, proxy: Proxy(), se:cdp: ws://localhost:56007/devtoo..., se:cdpVersion: 128.0.6613.138, setWindowRect: true, strictFileInteractability: false, timeouts: {implicit: 0, pageLoad: 300000, script: 30000}, unhandledPromptBehavior: dismiss and notify, webauthn:extension:credBlob: true, webauthn:extension:largeBlob: true, webauthn:extension:minPinLength: true, webauthn:extension:prf: true, webauthn:virtualAuthenticators: true}
Session ID: 67e7456e482e15a6637b40fd07d885ea
at java.base/jdk.internal.reflect.NativeConstructorAccessorImpl.newInstance0(Native Method)
at java.base/jdk.internal.reflect.NativeConstructorAccessorImpl.newInstance(NativeConstructorAccessorImpl.java:77)
at java.base/jdk.internal.reflect.DelegatingConstructorAccessorImpl.newInstance(DelegatingConstructorAccessorImpl.java:45)
at java.base/java.lang.reflect.Constructor.newInstanceWithCaller(Constructor.java:499)
at java.base/java.lang.reflect.Constructor.newInstance(Constructor.java:480)
at org.openqa.selenium.remote.ErrorCodec.decode(ErrorCodec.java:167)
at org.openqa.selenium.remote.codec.w3c.W3CHttpResponseCodec.decode(W3CHttpResponseCodec.java:138)
at org.openqa.selenium.remote.codec.w3c.W3CHttpResponseCodec.decode(W3CHttpResponseCodec.java:50)
at org.openqa.selenium.remote.HttpCommandExecutor.execute(HttpCommandExecutor.java:190)
at org.openqa.selenium.remote.service.DriverCommandExecutor.invokeExecute(DriverCommandExecutor.java:216)
at org.openqa.selenium.remote.service.DriverCommandExecutor.execute(DriverCommandExecutor.java:174)
at org.openqa.selenium.remote.RemoteWebDriver.execute(RemoteWebDriver.java:527)
at org.openqa.selenium.remote.ElementLocation$ElementFinder$2.findElement(ElementLocation.java:165)
at org.openqa.selenium.remote.ElementLocation.findElement(ElementLocation.java:59)
at org.openqa.selenium.remote.RemoteWebDriver.findElement(RemoteWebDriver.java:357)
at org.openqa.selenium.remote.RemoteWebDriver.findElement(RemoteWebDriver.java:351)
at org.openqa.selenium.support.pagefactory.DefaultElementLocator.findElement(DefaultElementLocator.java:68)
at org.openqa.selenium.support.pagefactory.internal.LocatingElementHandler.invoke(LocatingElementHandler.java:38)
at jdk.proxy2/jdk.proxy2.$Proxy14.isDisplayed(Unknown Source)
at amazon.Project.AmazonLogin.wrongPasswordExpected(AmazonLogin.java:61)
at amazon.ProjectTest.TC_03_AmazonLoginFailTestt.WrongCredentials(TC_03_AmazonLoginFailTestt.java:34)
at java.base/jdk.internal.reflect.NativeMethodAccessorImpl.invoke0(Native Method)
at java.base/jdk.internal.reflect.NativeMethodAccessorImpl.invoke(NativeMethodAccessorImpl.java:77)
at java.base/jdk.internal.reflect.DelegatingMethodAccessorImpl.invoke(DelegatingMethodAccessorImpl.java:43)
at java.base/java.lang.reflect.Method.invoke(Method.java:568)
at org.testng.internal.invokers.MethodInvocationHelper.invokeMethod(MethodInvocationHelper.java:141)
at org.testng.internal.invokers.TestInvoker.invokeMethod(TestInvoker.java:686)
at org.testng.internal.invokers.TestInvoker.retryFailed(TestInvoker.java:269)
at org.testng.internal.invokers.MethodRunner.runInSequence(MethodRunner.java:76)
at org.testng.internal.invokers.TestInvoker$MethodInvocationAgent.invoke(TestInvoker.java:992)
at org.testng.internal.invokers.TestInvoker.invokeTestMethods(TestInvoker.java:203)
at org.testng.internal.invokers.TestMethodWorker.invokeTestMethods(TestMethodWorker.java:154)
at org.testng.internal.invokers.TestMethodWorker.run(TestMethodWorker.java:134)
at java.base/java.util.ArrayList.forEach(ArrayList.java:1511)
at org.testng.TestRunner.privateRun(TestRunner.java:739)
at org.testng.TestRunner.run(TestRunner.java:614)
at org.testng.SuiteRunner.runTest(SuiteRunner.java:421)
at org.testng.SuiteRunner.runSequentially(SuiteRunner.java:413)
at org.testng.SuiteRunner.privateRun(SuiteRunner.java:373)
at org.testng.SuiteRunner.run(SuiteRunner.java:312)
at org.testng.SuiteRunnerWorker.runSuite(SuiteRunnerWorker.java:52)
at org.testng.SuiteRunnerWorker.run(SuiteRunnerWorker.java:95)
at org.testng.TestNG.runSuitesSequentially(TestNG.java:1274)
at org.testng.TestNG.runSuitesLocally(TestNG.java:1208)
at org.testng.TestNG.runSuites(TestNG.java:1112)
at org.testng.TestNG.run(TestNG.java:1079)
at org.testng.remote.AbstractRemoteTestNG.run(AbstractRemoteTestNG.java:115)
at org.testng.remote.RemoteTestNG.initAndRun(RemoteTestNG.java:293)
at org.testng.remote.RemoteTestNG.main(RemoteTestNG.java:91)
]]>
            </full-stacktrace>
          </exception> <!-- org.openqa.selenium.NoSuchElementException -->
          <reporter-output>
          </reporter-output>
        </test-method> <!-- WrongCredentials -->
        <test-method is-config="true" signature="after_coderun()[pri:0, instance:amazon.ProjectTest.TC_03_AmazonLoginFailTestt@6440112d]" started-at="2024-09-21T19:16:59 IST" name="after_coderun" finished-at="2024-09-21T19:16:59 IST" duration-ms="284" status="PASS">
          <reporter-output>
          </reporter-output>
        </test-method> <!-- after_coderun -->
      </class> <!-- amazon.ProjectTest.TC_03_AmazonLoginFailTestt -->
      <class name="amazon.ProjectTest.TC_12_AmazonPaymentMethodSelectAll">
        <test-method is-config="true" signature="generic_methods01()[pri:0, instance:amazon.ProjectTest.TC_12_AmazonPaymentMethodSelectAll@31ea9581]" started-at="2024-09-21T19:16:59 IST" name="generic_methods01" finished-at="2024-09-21T19:17:05 IST" duration-ms="5663" status="PASS">
          <reporter-output>
          </reporter-output>
        </test-method> <!-- generic_methods01 -->
        <test-method signature="usingCODOption()[pri:3, instance:amazon.ProjectTest.TC_12_AmazonPaymentMethodSelectAll@31ea9581]" started-at="2024-09-21T19:17:05 IST" name="usingCODOption" finished-at="2024-09-21T19:17:28 IST" duration-ms="22976" status="PASS">
          <reporter-output>
          </reporter-output>
        </test-method> <!-- usingCODOption -->
        <test-method is-config="true" signature="after_coderun()[pri:0, instance:amazon.ProjectTest.TC_12_AmazonPaymentMethodSelectAll@31ea9581]" started-at="2024-09-21T19:17:29 IST" name="after_coderun" finished-at="2024-09-21T19:17:29 IST" duration-ms="296" status="PASS">
          <reporter-output>
          </reporter-output>
        </test-method> <!-- after_coderun -->
      </class> <!-- amazon.ProjectTest.TC_12_AmazonPaymentMethodSelectAll -->
      <class name="amazon.ProjectTest.TC_11_AmazonCheckout">
        <test-method is-config="true" signature="generic_methods01()[pri:0, instance:amazon.ProjectTest.TC_11_AmazonCheckout@6e9a5ed8]" started-at="2024-09-21T19:14:22 IST" name="generic_methods01" finished-at="2024-09-21T19:14:26 IST" duration-ms="3826" status="PASS">
          <reporter-output>
          </reporter-output>
        </test-method> <!-- generic_methods01 -->
        <test-method signature="amazonCheckoutCode()[pri:0, instance:amazon.ProjectTest.TC_11_AmazonCheckout@6e9a5ed8]" started-at="2024-09-21T19:14:26 IST" name="amazonCheckoutCode" finished-at="2024-09-21T19:14:46 IST" duration-ms="20319" status="PASS">
          <reporter-output>
          </reporter-output>
        </test-method> <!-- amazonCheckoutCode -->
        <test-method is-config="true" signature="after_coderun()[pri:0, instance:amazon.ProjectTest.TC_11_AmazonCheckout@6e9a5ed8]" started-at="2024-09-21T19:14:46 IST" name="after_coderun" finished-at="2024-09-21T19:14:47 IST" duration-ms="220" status="PASS">
          <reporter-output>
          </reporter-output>
        </test-method> <!-- after_coderun -->
      </class> <!-- amazon.ProjectTest.TC_11_AmazonCheckout -->
      <class name="amazon.ProjectTest.TC_02_AmazonLoginTest">
        <test-method is-config="true" signature="generic_methods01()[pri:0, instance:amazon.ProjectTest.TC_02_AmazonLoginTest@7161d8d1]" started-at="2024-09-21T19:12:49 IST" name="generic_methods01" finished-at="2024-09-21T19:12:53 IST" duration-ms="4432" status="PASS">
          <reporter-output>
          </reporter-output>
        </test-method> <!-- generic_methods01 -->
        <test-method signature="usernameTestcase()[pri:0, instance:amazon.ProjectTest.TC_02_AmazonLoginTest@7161d8d1]" started-at="2024-09-21T19:12:53 IST" name="usernameTestcase" finished-at="2024-09-21T19:13:01 IST" duration-ms="7434" status="PASS">
          <reporter-output>
          </reporter-output>
        </test-method> <!-- usernameTestcase -->
        <test-method is-config="true" signature="after_coderun()[pri:0, instance:amazon.ProjectTest.TC_02_AmazonLoginTest@7161d8d1]" started-at="2024-09-21T19:13:02 IST" name="after_coderun" finished-at="2024-09-21T19:13:03 IST" duration-ms="281" status="PASS">
          <reporter-output>
          </reporter-output>
        </test-method> <!-- after_coderun -->
      </class> <!-- amazon.ProjectTest.TC_02_AmazonLoginTest -->
      <class name="amazon.ProjectTest.TC_07_AmazonProductDetailsTest">
        <test-method is-config="true" signature="generic_methods01()[pri:0, instance:amazon.ProjectTest.TC_07_AmazonProductDetailsTest@7ce69770]" started-at="2024-09-21T19:13:29 IST" name="generic_methods01" finished-at="2024-09-21T19:13:33 IST" duration-ms="4196" status="PASS">
          <reporter-output>
          </reporter-output>
        </test-method> <!-- generic_methods01 -->
        <test-method signature="productDetails()[pri:0, instance:amazon.ProjectTest.TC_07_AmazonProductDetailsTest@7ce69770]" started-at="2024-09-21T19:13:33 IST" name="productDetails" finished-at="2024-09-21T19:13:42 IST" duration-ms="8558" status="PASS">
          <reporter-output>
          </reporter-output>
        </test-method> <!-- productDetails -->
        <test-method is-config="true" signature="after_coderun()[pri:0, instance:amazon.ProjectTest.TC_07_AmazonProductDetailsTest@7ce69770]" started-at="2024-09-21T19:13:42 IST" name="after_coderun" finished-at="2024-09-21T19:13:42 IST" duration-ms="238" status="PASS">
          <reporter-output>
          </reporter-output>
        </test-method> <!-- after_coderun -->
      </class> <!-- amazon.ProjectTest.TC_07_AmazonProductDetailsTest -->
      <class name="amazon.ProjectTest.TC_05_AmazonSearchTest">
        <test-method is-config="true" signature="generic_methods01()[pri:0, instance:amazon.ProjectTest.TC_05_AmazonSearchTest@1caa0244]" started-at="2024-09-21T19:13:03 IST" name="generic_methods01" finished-at="2024-09-21T19:13:06 IST" duration-ms="3204" status="PASS">
          <reporter-output>
          </reporter-output>
        </test-method> <!-- generic_methods01 -->
        <test-method signature="searchTestCase()[pri:0, instance:amazon.ProjectTest.TC_05_AmazonSearchTest@1caa0244]" started-at="2024-09-21T19:13:06 IST" name="searchTestCase" finished-at="2024-09-21T19:13:17 IST" duration-ms="11540" status="PASS">
          <reporter-output>
          </reporter-output>
        </test-method> <!-- searchTestCase -->
        <test-method is-config="true" signature="after_coderun()[pri:0, instance:amazon.ProjectTest.TC_05_AmazonSearchTest@1caa0244]" started-at="2024-09-21T19:13:18 IST" name="after_coderun" finished-at="2024-09-21T19:13:18 IST" duration-ms="345" status="PASS">
          <reporter-output>
          </reporter-output>
        </test-method> <!-- after_coderun -->
      </class> <!-- amazon.ProjectTest.TC_05_AmazonSearchTest -->
      <class name="amazon.ProjectTest.TC_04_AmazonManageProfileTest">
        <test-method is-config="true" signature="generic_methods01()[pri:0, instance:amazon.ProjectTest.TC_04_AmazonManageProfileTest@5890e879]" started-at="2024-09-21T19:15:22 IST" name="generic_methods01" finished-at="2024-09-21T19:15:26 IST" duration-ms="4321" status="PASS">
          <reporter-output>
          </reporter-output>
        </test-method> <!-- generic_methods01 -->
        <test-method signature="clickManageProfileTest()[pri:0, instance:amazon.ProjectTest.TC_04_AmazonManageProfileTest@5890e879]" started-at="2024-09-21T19:15:26 IST" name="clickManageProfileTest" finished-at="2024-09-21T19:15:44 IST" duration-ms="17934" status="PASS">
          <reporter-output>
          </reporter-output>
        </test-method> <!-- clickManageProfileTest -->
        <test-method is-config="true" signature="after_coderun()[pri:0, instance:amazon.ProjectTest.TC_04_AmazonManageProfileTest@5890e879]" started-at="2024-09-21T19:15:45 IST" name="after_coderun" finished-at="2024-09-21T19:15:46 IST" duration-ms="678" status="PASS">
          <reporter-output>
          </reporter-output>
        </test-method> <!-- after_coderun -->
      </class> <!-- amazon.ProjectTest.TC_04_AmazonManageProfileTest -->
      <class name="amazon.ProjectTest.TC_08_AmazonSortProducTest">
        <test-method is-config="true" signature="generic_methods01()[pri:0, instance:amazon.ProjectTest.TC_08_AmazonSortProducTest@1750fbeb]" started-at="2024-09-21T19:13:42 IST" name="generic_methods01" finished-at="2024-09-21T19:13:46 IST" duration-ms="3781" status="PASS">
          <reporter-output>
          </reporter-output>
        </test-method> <!-- generic_methods01 -->
        <test-method signature="SortByFeature()[pri:1, instance:amazon.ProjectTest.TC_08_AmazonSortProducTest@1750fbeb]" started-at="2024-09-21T19:13:46 IST" name="SortByFeature" finished-at="2024-09-21T19:13:54 IST" duration-ms="7860" status="PASS">
          <reporter-output>
          </reporter-output>
        </test-method> <!-- SortByFeature -->
        <test-method is-config="true" signature="after_coderun()[pri:0, instance:amazon.ProjectTest.TC_08_AmazonSortProducTest@1750fbeb]" started-at="2024-09-21T19:13:54 IST" name="after_coderun" finished-at="2024-09-21T19:13:54 IST" duration-ms="205" status="PASS">
          <reporter-output>
          </reporter-output>
        </test-method> <!-- after_coderun -->
      </class> <!-- amazon.ProjectTest.TC_08_AmazonSortProducTest -->
      <class name="amazon.ProjectTest.TC_10_AmazonItemsAddedQuantity">
        <test-method is-config="true" signature="generic_methods01()[pri:0, instance:amazon.ProjectTest.TC_10_AmazonItemsAddedQuantity@268f106e]" started-at="2024-09-21T19:14:08 IST" name="generic_methods01" finished-at="2024-09-21T19:14:11 IST" duration-ms="2741" status="PASS">
          <reporter-output>
          </reporter-output>
        </test-method> <!-- generic_methods01 -->
        <test-method signature="addedMoreQuantity()[pri:1, instance:amazon.ProjectTest.TC_10_AmazonItemsAddedQuantity@268f106e]" started-at="2024-09-21T19:14:11 IST" name="addedMoreQuantity" finished-at="2024-09-21T19:14:21 IST" duration-ms="10203" status="PASS">
          <reporter-output>
          </reporter-output>
        </test-method> <!-- addedMoreQuantity -->
        <test-method is-config="true" signature="after_coderun()[pri:0, instance:amazon.ProjectTest.TC_10_AmazonItemsAddedQuantity@268f106e]" started-at="2024-09-21T19:14:22 IST" name="after_coderun" finished-at="2024-09-21T19:14:22 IST" duration-ms="228" status="PASS">
          <reporter-output>
          </reporter-output>
        </test-method> <!-- after_coderun -->
      </class> <!-- amazon.ProjectTest.TC_10_AmazonItemsAddedQuantity -->
      <class name="amazon.ProjectTest.TC_09_AmazonAddToCartTest">
        <test-method is-config="true" signature="generic_methods01()[pri:0, instance:amazon.ProjectTest.TC_09_AmazonAddToCartTest@5b247367]" started-at="2024-09-21T19:13:54 IST" name="generic_methods01" finished-at="2024-09-21T19:14:00 IST" duration-ms="5491" status="PASS">
          <reporter-output>
          </reporter-output>
        </test-method> <!-- generic_methods01 -->
        <test-method signature="addToCart()[pri:0, instance:amazon.ProjectTest.TC_09_AmazonAddToCartTest@5b247367]" started-at="2024-09-21T19:14:00 IST" name="addToCart" finished-at="2024-09-21T19:14:07 IST" duration-ms="7298" status="PASS">
          <reporter-output>
          </reporter-output>
        </test-method> <!-- addToCart -->
        <test-method is-config="true" signature="after_coderun()[pri:0, instance:amazon.ProjectTest.TC_09_AmazonAddToCartTest@5b247367]" started-at="2024-09-21T19:14:08 IST" name="after_coderun" finished-at="2024-09-21T19:14:08 IST" duration-ms="231" status="PASS">
          <reporter-output>
          </reporter-output>
        </test-method> <!-- after_coderun -->
      </class> <!-- amazon.ProjectTest.TC_09_AmazonAddToCartTest -->
      <class name="amazon.ProjectTest.TC_06_AmazonSearchFilterTest">
        <test-method is-config="true" signature="generic_methods01()[pri:0, instance:amazon.ProjectTest.TC_06_AmazonSearchFilterTest@7ce026d3]" started-at="2024-09-21T19:13:18 IST" name="generic_methods01" finished-at="2024-09-21T19:13:23 IST" duration-ms="4965" status="PASS">
          <reporter-output>
          </reporter-output>
        </test-method> <!-- generic_methods01 -->
        <test-method signature="searchByCategory()[pri:0, instance:amazon.ProjectTest.TC_06_AmazonSearchFilterTest@7ce026d3]" started-at="2024-09-21T19:13:23 IST" name="searchByCategory" finished-at="2024-09-21T19:13:28 IST" duration-ms="4408" status="PASS">
          <reporter-output>
          </reporter-output>
        </test-method> <!-- searchByCategory -->
        <test-method is-config="true" signature="after_coderun()[pri:0, instance:amazon.ProjectTest.TC_06_AmazonSearchFilterTest@7ce026d3]" started-at="2024-09-21T19:13:28 IST" name="after_coderun" finished-at="2024-09-21T19:13:29 IST" duration-ms="348" status="PASS">
          <reporter-output>
          </reporter-output>
        </test-method> <!-- after_coderun -->
      </class> <!-- amazon.ProjectTest.TC_06_AmazonSearchFilterTest -->
      <class name="amazon.ProjectTest.TC_13">
        <test-method is-config="true" signature="generic_methods01()[pri:0, instance:amazon.ProjectTest.TC_13@7e057f43]" started-at="2024-09-21T19:14:47 IST" name="generic_methods01" finished-at="2024-09-21T19:14:52 IST" duration-ms="5483" status="PASS">
          <reporter-output>
          </reporter-output>
        </test-method> <!-- generic_methods01 -->
        <test-method signature="offers()[pri:0, instance:amazon.ProjectTest.TC_13@7e057f43]" started-at="2024-09-21T19:14:52 IST" name="offers" finished-at="2024-09-21T19:14:57 IST" duration-ms="5412" status="PASS">
          <reporter-output>
          </reporter-output>
        </test-method> <!-- offers -->
        <test-method is-config="true" signature="after_coderun()[pri:0, instance:amazon.ProjectTest.TC_13@7e057f43]" started-at="2024-09-21T19:14:58 IST" name="after_coderun" finished-at="2024-09-21T19:14:58 IST" duration-ms="224" status="PASS">
          <reporter-output>
          </reporter-output>
        </test-method> <!-- after_coderun -->
      </class> <!-- amazon.ProjectTest.TC_13 -->
      <class name="amazon.ProjectTest.TC_15">
        <test-method is-config="true" signature="generic_methods01()[pri:0, instance:amazon.ProjectTest.TC_15@6c284af]" started-at="2024-09-21T19:14:58 IST" name="generic_methods01" finished-at="2024-09-21T19:15:00 IST" duration-ms="2322" status="PASS">
          <reporter-output>
          </reporter-output>
        </test-method> <!-- generic_methods01 -->
        <test-method signature="addCartTo()[pri:0, instance:amazon.ProjectTest.TC_15@6c284af]" started-at="2024-09-21T19:15:00 IST" name="addCartTo" finished-at="2024-09-21T19:15:20 IST" duration-ms="20074" status="FAIL">
          <exception class="org.openqa.selenium.NoSuchElementException">
            <message>
              <![CDATA[no such element: Unable to locate element: {"method":"css selector","selector":"#twotabsearchtextbox"}
  (Session info: chrome=128.0.6613.138)
For documentation on this error, please visit: https://www.selenium.dev/documentation/webdriver/troubleshooting/errors#no-such-element-exception
Build info: version: '4.23.0', revision: '4df0a231af'
System info: os.name: 'Windows 11', os.arch: 'amd64', os.version: '10.0', java.version: '17.0.8'
Driver info: org.openqa.selenium.chrome.ChromeDriver
Command: [4984cb076de842279280530d683c7158, findElement {using=id, value=twotabsearchtextbox}]
Capabilities {acceptInsecureCerts: false, browserName: chrome, browserVersion: 128.0.6613.138, chrome: {chromedriverVersion: 128.0.6613.137 (fe621c5aa2d..., userDataDir: C:\Users\NEEKIK~1\AppData\L...}, fedcm:accounts: true, goog:chromeOptions: {debuggerAddress: localhost:55420}, networkConnectionEnabled: false, pageLoadStrategy: normal, platformName: windows, proxy: Proxy(), se:cdp: ws://localhost:55420/devtoo..., se:cdpVersion: 128.0.6613.138, setWindowRect: true, strictFileInteractability: false, timeouts: {implicit: 0, pageLoad: 300000, script: 30000}, unhandledPromptBehavior: dismiss and notify, webauthn:extension:credBlob: true, webauthn:extension:largeBlob: true, webauthn:extension:minPinLength: true, webauthn:extension:prf: true, webauthn:virtualAuthenticators: true}
Session ID: 4984cb076de842279280530d683c7158]]>
            </message>
            <full-stacktrace>
              <![CDATA[org.openqa.selenium.NoSuchElementException: no such element: Unable to locate element: {"method":"css selector","selector":"#twotabsearchtextbox"}
  (Session info: chrome=128.0.6613.138)
For documentation on this error, please visit: https://www.selenium.dev/documentation/webdriver/troubleshooting/errors#no-such-element-exception
Build info: version: '4.23.0', revision: '4df0a231af'
System info: os.name: 'Windows 11', os.arch: 'amd64', os.version: '10.0', java.version: '17.0.8'
Driver info: org.openqa.selenium.chrome.ChromeDriver
Command: [4984cb076de842279280530d683c7158, findElement {using=id, value=twotabsearchtextbox}]
Capabilities {acceptInsecureCerts: false, browserName: chrome, browserVersion: 128.0.6613.138, chrome: {chromedriverVersion: 128.0.6613.137 (fe621c5aa2d..., userDataDir: C:\Users\NEEKIK~1\AppData\L...}, fedcm:accounts: true, goog:chromeOptions: {debuggerAddress: localhost:55420}, networkConnectionEnabled: false, pageLoadStrategy: normal, platformName: windows, proxy: Proxy(), se:cdp: ws://localhost:55420/devtoo..., se:cdpVersion: 128.0.6613.138, setWindowRect: true, strictFileInteractability: false, timeouts: {implicit: 0, pageLoad: 300000, script: 30000}, unhandledPromptBehavior: dismiss and notify, webauthn:extension:credBlob: true, webauthn:extension:largeBlob: true, webauthn:extension:minPinLength: true, webauthn:extension:prf: true, webauthn:virtualAuthenticators: true}
Session ID: 4984cb076de842279280530d683c7158
at java.base/jdk.internal.reflect.NativeConstructorAccessorImpl.newInstance0(Native Method)
at java.base/jdk.internal.reflect.NativeConstructorAccessorImpl.newInstance(NativeConstructorAccessorImpl.java:77)
at java.base/jdk.internal.reflect.DelegatingConstructorAccessorImpl.newInstance(DelegatingConstructorAccessorImpl.java:45)
at java.base/java.lang.reflect.Constructor.newInstanceWithCaller(Constructor.java:499)
at java.base/java.lang.reflect.Constructor.newInstance(Constructor.java:480)
at org.openqa.selenium.remote.ErrorCodec.decode(ErrorCodec.java:167)
at org.openqa.selenium.remote.codec.w3c.W3CHttpResponseCodec.decode(W3CHttpResponseCodec.java:138)
at org.openqa.selenium.remote.codec.w3c.W3CHttpResponseCodec.decode(W3CHttpResponseCodec.java:50)
at org.openqa.selenium.remote.HttpCommandExecutor.execute(HttpCommandExecutor.java:190)
at org.openqa.selenium.remote.service.DriverCommandExecutor.invokeExecute(DriverCommandExecutor.java:216)
at org.openqa.selenium.remote.service.DriverCommandExecutor.execute(DriverCommandExecutor.java:174)
at org.openqa.selenium.remote.RemoteWebDriver.execute(RemoteWebDriver.java:527)
at org.openqa.selenium.remote.ElementLocation$ElementFinder$2.findElement(ElementLocation.java:165)
at org.openqa.selenium.remote.ElementLocation.findElement(ElementLocation.java:66)
at org.openqa.selenium.remote.RemoteWebDriver.findElement(RemoteWebDriver.java:357)
at org.openqa.selenium.remote.RemoteWebDriver.findElement(RemoteWebDriver.java:351)
at org.openqa.selenium.support.pagefactory.DefaultElementLocator.findElement(DefaultElementLocator.java:68)
at org.openqa.selenium.support.pagefactory.internal.LocatingElementHandler.invoke(LocatingElementHandler.java:38)
at jdk.proxy2/jdk.proxy2.$Proxy14.clear(Unknown Source)
at amazon.Project.AmazonHome.search(AmazonHome.java:57)
at amazon.ProjectTest.TC_15.addCartTo(TC_15.java:20)
at java.base/jdk.internal.reflect.NativeMethodAccessorImpl.invoke0(Native Method)
at java.base/jdk.internal.reflect.NativeMethodAccessorImpl.invoke(NativeMethodAccessorImpl.java:77)
at java.base/jdk.internal.reflect.DelegatingMethodAccessorImpl.invoke(DelegatingMethodAccessorImpl.java:43)
at java.base/java.lang.reflect.Method.invoke(Method.java:568)
at org.testng.internal.invokers.MethodInvocationHelper.invokeMethod(MethodInvocationHelper.java:141)
at org.testng.internal.invokers.TestInvoker.invokeMethod(TestInvoker.java:686)
at org.testng.internal.invokers.TestInvoker.invokeTestMethod(TestInvoker.java:230)
at org.testng.internal.invokers.MethodRunner.runInSequence(MethodRunner.java:63)
at org.testng.internal.invokers.TestInvoker$MethodInvocationAgent.invoke(TestInvoker.java:992)
at org.testng.internal.invokers.TestInvoker.invokeTestMethods(TestInvoker.java:203)
at org.testng.internal.invokers.TestMethodWorker.invokeTestMethods(TestMethodWorker.java:154)
at org.testng.internal.invokers.TestMethodWorker.run(TestMethodWorker.java:134)
at java.base/java.util.ArrayList.forEach(ArrayList.java:1511)
at org.testng.TestRunner.privateRun(TestRunner.java:739)
at org.testng.TestRunner.run(TestRunner.java:614)
at org.testng.SuiteRunner.runTest(SuiteRunner.java:421)
at org.testng.SuiteRunner.runSequentially(SuiteRunner.java:413)
at org.testng.SuiteRunner.privateRun(SuiteRunner.java:373)
at org.testng.SuiteRunner.run(SuiteRunner.java:312)
at org.testng.SuiteRunnerWorker.runSuite(SuiteRunnerWorker.java:52)
at org.testng.SuiteRunnerWorker.run(SuiteRunnerWorker.java:95)
at org.testng.TestNG.runSuitesSequentially(TestNG.java:1274)
at org.testng.TestNG.runSuitesLocally(TestNG.java:1208)
at org.testng.TestNG.runSuites(TestNG.java:1112)
at org.testng.TestNG.run(TestNG.java:1079)
at org.testng.remote.AbstractRemoteTestNG.run(AbstractRemoteTestNG.java:115)
at org.testng.remote.RemoteTestNG.initAndRun(RemoteTestNG.java:293)
at org.testng.remote.RemoteTestNG.main(RemoteTestNG.java:91)
]]>
            </full-stacktrace>
          </exception> <!-- org.openqa.selenium.NoSuchElementException -->
          <reporter-output>
          </reporter-output>
        </test-method> <!-- addCartTo -->
        <test-method is-config="true" signature="after_coderun()[pri:0, instance:amazon.ProjectTest.TC_15@6c284af]" started-at="2024-09-21T19:15:22 IST" name="after_coderun" finished-at="2024-09-21T19:15:22 IST" duration-ms="216" status="PASS">
          <reporter-output>
          </reporter-output>
        </test-method> <!-- after_coderun -->
      </class> <!-- amazon.ProjectTest.TC_15 -->
    </test> <!-- Test in Chrome -->
  </suite> <!-- Suite -->
</testng-results>
